2018-08-22 15:32:58 [192.168.83.1][-][vdmq7v9dut05cuq6uif743eeg1][error][yii\base\UnknownClassException] yii\base\UnknownClassException: Unable to find 'frontend\controllers\TestController' in file: /app/frontend/controllers/TestController.php. Namespace missing? in /app/vendor/yiisoft/yii2/BaseYii.php:296
Stack trace:
#0 [internal function]: yii\BaseYii::autoload('frontend\\contro...')
#1 [internal function]: spl_autoload_call('frontend\\contro...')
#2 /app/vendor/yiisoft/yii2/base/Module.php(637): class_exists('frontend\\contro...')
#3 /app/vendor/yiisoft/yii2/base/Module.php(596): yii\base\Module->createControllerByID('test')
#4 /app/vendor/yiisoft/yii2/base/Module.php(522): yii\base\Module->createController('index')
#5 /app/vendor/yiisoft/yii2/web/Application.php(103): yii\base\Module->runAction('test/index', Array)
#6 /app/vendor/yiisoft/yii2/base/Application.php(386): yii\web\Application->handleRequest(Object(yii\web\Request))
#7 /app/frontend/web/index.php(17): yii\base\Application->run()
#8 {main}
2018-08-22 15:32:58 [192.168.83.1][-][vdmq7v9dut05cuq6uif743eeg1][info][application] $_GET = []

$_POST = []

$_FILES = []

$_COOKIE = [
    'advanced-frontend' => 'vdmq7v9dut05cuq6uif743eeg1'
    '_csrf-frontend' => '19ceda4b4108b406e41f34ba984ce0b61c3da06e4da298fae606e453d1c464c0a:2:{i:0;s:14:\"_csrf-frontend\";i:1;s:32:\"TLDkraSw5LSwuLtENZtYZlL5UdusaPRc\";}'
]

$_SESSION = [
    '__flash' => []
]

$_SERVER = [
    'USER' => 'vagrant'
    'HOME' => '/home/vagrant'
    'HTTP_CACHE_CONTROL' => 'max-age=0'
    'HTTP_UPGRADE_INSECURE_REQUESTS' => '1'
    'HTTP_CONNECTION' => 'keep-alive'
    'HTTP_DNT' => '1'
    'HTTP_COOKIE' => 'advanced-frontend=vdmq7v9dut05cuq6uif743eeg1; _csrf-frontend=19ceda4b4108b406e41f34ba984ce0b61c3da06e4da298fae606e453d1c464c0a%3A2%3A%7Bi%3A0%3Bs%3A14%3A%22_csrf-frontend%22%3Bi%3A1%3Bs%3A32%3A%22TLDkraSw5LSwuLtENZtYZlL5UdusaPRc%22%3B%7D'
    'HTTP_ACCEPT_ENCODING' => 'gzip, deflate'
    'HTTP_ACCEPT_LANGUAGE' => 'ru-RU,ru;q=0.8,en-US;q=0.5,en;q=0.3'
    'HTTP_ACCEPT' => 'text/html,application/xhtml+xml,application/xml;q=0.9,*/*;q=0.8'
    'HTTP_USER_AGENT' => 'Mozilla/5.0 (Windows NT 6.1; Win64; x64; rv:61.0) Gecko/20100101 Firefox/61.0'
    'HTTP_HOST' => 'y2aa-frontend.test'
    'SCRIPT_FILENAME' => '/app/frontend/web/index.php'
    'REDIRECT_STATUS' => '200'
    'SERVER_NAME' => 'y2aa-frontend.test'
    'SERVER_PORT' => '80'
    'SERVER_ADDR' => '192.168.83.137'
    'REMOTE_PORT' => '1654'
    'REMOTE_ADDR' => '192.168.83.1'
    'SERVER_SOFTWARE' => 'nginx/1.10.3'
    'GATEWAY_INTERFACE' => 'CGI/1.1'
    'REQUEST_SCHEME' => 'http'
    'SERVER_PROTOCOL' => 'HTTP/1.1'
    'DOCUMENT_ROOT' => '/app/frontend/web'
    'DOCUMENT_URI' => '/index.php'
    'REQUEST_URI' => '/test/index'
    'SCRIPT_NAME' => '/index.php'
    'CONTENT_LENGTH' => ''
    'CONTENT_TYPE' => ''
    'REQUEST_METHOD' => 'GET'
    'QUERY_STRING' => ''
    'FCGI_ROLE' => 'RESPONDER'
    'PHP_SELF' => '/index.php'
    'REQUEST_TIME_FLOAT' => 1534951978.0684
    'REQUEST_TIME' => 1534951978
]
2018-08-22 15:59:19 [192.168.83.1][-][vdmq7v9dut05cuq6uif743eeg1][error][yii\base\UnknownClassException] yii\base\UnknownClassException: Unable to find 'frontend\controllers\TestController' in file: /app/frontend/controllers/TestController.php. Namespace missing? in /app/vendor/yiisoft/yii2/BaseYii.php:296
Stack trace:
#0 [internal function]: yii\BaseYii::autoload('frontend\\contro...')
#1 [internal function]: spl_autoload_call('frontend\\contro...')
#2 /app/vendor/yiisoft/yii2/base/Module.php(637): class_exists('frontend\\contro...')
#3 /app/vendor/yiisoft/yii2/base/Module.php(596): yii\base\Module->createControllerByID('test')
#4 /app/vendor/yiisoft/yii2/base/Module.php(522): yii\base\Module->createController('')
#5 /app/vendor/yiisoft/yii2/web/Application.php(103): yii\base\Module->runAction('test', Array)
#6 /app/vendor/yiisoft/yii2/base/Application.php(386): yii\web\Application->handleRequest(Object(yii\web\Request))
#7 /app/frontend/web/index.php(17): yii\base\Application->run()
#8 {main}
2018-08-22 15:59:19 [192.168.83.1][-][vdmq7v9dut05cuq6uif743eeg1][info][application] $_GET = []

$_POST = []

$_FILES = []

$_COOKIE = [
    'advanced-frontend' => 'vdmq7v9dut05cuq6uif743eeg1'
    '_csrf-frontend' => '19ceda4b4108b406e41f34ba984ce0b61c3da06e4da298fae606e453d1c464c0a:2:{i:0;s:14:\"_csrf-frontend\";i:1;s:32:\"TLDkraSw5LSwuLtENZtYZlL5UdusaPRc\";}'
]

$_SESSION = [
    '__flash' => []
]

$_SERVER = [
    'USER' => 'vagrant'
    'HOME' => '/home/vagrant'
    'HTTP_UPGRADE_INSECURE_REQUESTS' => '1'
    'HTTP_CONNECTION' => 'keep-alive'
    'HTTP_DNT' => '1'
    'HTTP_COOKIE' => 'advanced-frontend=vdmq7v9dut05cuq6uif743eeg1; _csrf-frontend=19ceda4b4108b406e41f34ba984ce0b61c3da06e4da298fae606e453d1c464c0a%3A2%3A%7Bi%3A0%3Bs%3A14%3A%22_csrf-frontend%22%3Bi%3A1%3Bs%3A32%3A%22TLDkraSw5LSwuLtENZtYZlL5UdusaPRc%22%3B%7D'
    'HTTP_ACCEPT_ENCODING' => 'gzip, deflate'
    'HTTP_ACCEPT_LANGUAGE' => 'ru-RU,ru;q=0.8,en-US;q=0.5,en;q=0.3'
    'HTTP_ACCEPT' => 'text/html,application/xhtml+xml,application/xml;q=0.9,*/*;q=0.8'
    'HTTP_USER_AGENT' => 'Mozilla/5.0 (Windows NT 6.1; Win64; x64; rv:61.0) Gecko/20100101 Firefox/61.0'
    'HTTP_HOST' => 'y2aa-frontend.test'
    'SCRIPT_FILENAME' => '/app/frontend/web/index.php'
    'REDIRECT_STATUS' => '200'
    'SERVER_NAME' => 'y2aa-frontend.test'
    'SERVER_PORT' => '80'
    'SERVER_ADDR' => '192.168.83.137'
    'REMOTE_PORT' => '2237'
    'REMOTE_ADDR' => '192.168.83.1'
    'SERVER_SOFTWARE' => 'nginx/1.10.3'
    'GATEWAY_INTERFACE' => 'CGI/1.1'
    'REQUEST_SCHEME' => 'http'
    'SERVER_PROTOCOL' => 'HTTP/1.1'
    'DOCUMENT_ROOT' => '/app/frontend/web'
    'DOCUMENT_URI' => '/index.php'
    'REQUEST_URI' => '/test'
    'SCRIPT_NAME' => '/index.php'
    'CONTENT_LENGTH' => ''
    'CONTENT_TYPE' => ''
    'REQUEST_METHOD' => 'GET'
    'QUERY_STRING' => ''
    'FCGI_ROLE' => 'RESPONDER'
    'PHP_SELF' => '/index.php'
    'REQUEST_TIME_FLOAT' => 1534953559.2841
    'REQUEST_TIME' => 1534953559
]
2018-08-22 16:00:45 [192.168.83.1][-][vdmq7v9dut05cuq6uif743eeg1][error][yii\base\UnknownClassException] yii\base\UnknownClassException: Unable to find 'frontend\controllers\TestController' in file: /app/frontend/controllers/TestController.php. Namespace missing? in /app/vendor/yiisoft/yii2/BaseYii.php:296
Stack trace:
#0 [internal function]: yii\BaseYii::autoload('frontend\\contro...')
#1 [internal function]: spl_autoload_call('frontend\\contro...')
#2 /app/vendor/yiisoft/yii2/base/Module.php(637): class_exists('frontend\\contro...')
#3 /app/vendor/yiisoft/yii2/base/Module.php(596): yii\base\Module->createControllerByID('test')
#4 /app/vendor/yiisoft/yii2/base/Module.php(522): yii\base\Module->createController('')
#5 /app/vendor/yiisoft/yii2/web/Application.php(103): yii\base\Module->runAction('test', Array)
#6 /app/vendor/yiisoft/yii2/base/Application.php(386): yii\web\Application->handleRequest(Object(yii\web\Request))
#7 /app/frontend/web/index.php(17): yii\base\Application->run()
#8 {main}
2018-08-22 16:00:44 [192.168.83.1][-][vdmq7v9dut05cuq6uif743eeg1][info][application] $_GET = []

$_POST = []

$_FILES = []

$_COOKIE = [
    'advanced-frontend' => 'vdmq7v9dut05cuq6uif743eeg1'
    '_csrf-frontend' => '19ceda4b4108b406e41f34ba984ce0b61c3da06e4da298fae606e453d1c464c0a:2:{i:0;s:14:\"_csrf-frontend\";i:1;s:32:\"TLDkraSw5LSwuLtENZtYZlL5UdusaPRc\";}'
]

$_SESSION = [
    '__flash' => []
]

$_SERVER = [
    'USER' => 'vagrant'
    'HOME' => '/home/vagrant'
    'HTTP_CACHE_CONTROL' => 'max-age=0'
    'HTTP_UPGRADE_INSECURE_REQUESTS' => '1'
    'HTTP_CONNECTION' => 'keep-alive'
    'HTTP_DNT' => '1'
    'HTTP_COOKIE' => 'advanced-frontend=vdmq7v9dut05cuq6uif743eeg1; _csrf-frontend=19ceda4b4108b406e41f34ba984ce0b61c3da06e4da298fae606e453d1c464c0a%3A2%3A%7Bi%3A0%3Bs%3A14%3A%22_csrf-frontend%22%3Bi%3A1%3Bs%3A32%3A%22TLDkraSw5LSwuLtENZtYZlL5UdusaPRc%22%3B%7D'
    'HTTP_ACCEPT_ENCODING' => 'gzip, deflate'
    'HTTP_ACCEPT_LANGUAGE' => 'ru-RU,ru;q=0.8,en-US;q=0.5,en;q=0.3'
    'HTTP_ACCEPT' => 'text/html,application/xhtml+xml,application/xml;q=0.9,*/*;q=0.8'
    'HTTP_USER_AGENT' => 'Mozilla/5.0 (Windows NT 6.1; Win64; x64; rv:61.0) Gecko/20100101 Firefox/61.0'
    'HTTP_HOST' => 'y2aa-frontend.test'
    'SCRIPT_FILENAME' => '/app/frontend/web/index.php'
    'REDIRECT_STATUS' => '200'
    'SERVER_NAME' => 'y2aa-frontend.test'
    'SERVER_PORT' => '80'
    'SERVER_ADDR' => '192.168.83.137'
    'REMOTE_PORT' => '2259'
    'REMOTE_ADDR' => '192.168.83.1'
    'SERVER_SOFTWARE' => 'nginx/1.10.3'
    'GATEWAY_INTERFACE' => 'CGI/1.1'
    'REQUEST_SCHEME' => 'http'
    'SERVER_PROTOCOL' => 'HTTP/1.1'
    'DOCUMENT_ROOT' => '/app/frontend/web'
    'DOCUMENT_URI' => '/index.php'
    'REQUEST_URI' => '/test'
    'SCRIPT_NAME' => '/index.php'
    'CONTENT_LENGTH' => ''
    'CONTENT_TYPE' => ''
    'REQUEST_METHOD' => 'GET'
    'QUERY_STRING' => ''
    'FCGI_ROLE' => 'RESPONDER'
    'PHP_SELF' => '/index.php'
    'REQUEST_TIME_FLOAT' => 1534953644.4212
    'REQUEST_TIME' => 1534953644
]
2018-08-22 16:05:43 [192.168.83.1][-][vdmq7v9dut05cuq6uif743eeg1][error][yii\base\UnknownClassException] yii\base\UnknownClassException: Unable to find 'frontend\controllers\TestController' in file: /app/frontend/controllers/TestController.php. Namespace missing? in /app/vendor/yiisoft/yii2/BaseYii.php:296
Stack trace:
#0 [internal function]: yii\BaseYii::autoload('frontend\\contro...')
#1 [internal function]: spl_autoload_call('frontend\\contro...')
#2 /app/vendor/yiisoft/yii2/base/Module.php(637): class_exists('frontend\\contro...')
#3 /app/vendor/yiisoft/yii2/base/Module.php(596): yii\base\Module->createControllerByID('test')
#4 /app/vendor/yiisoft/yii2/base/Module.php(522): yii\base\Module->createController('')
#5 /app/vendor/yiisoft/yii2/web/Application.php(103): yii\base\Module->runAction('test', Array)
#6 /app/vendor/yiisoft/yii2/base/Application.php(386): yii\web\Application->handleRequest(Object(yii\web\Request))
#7 /app/frontend/web/index.php(17): yii\base\Application->run()
#8 {main}
2018-08-22 16:05:42 [192.168.83.1][-][vdmq7v9dut05cuq6uif743eeg1][info][application] $_GET = []

$_POST = []

$_FILES = []

$_COOKIE = [
    'advanced-frontend' => 'vdmq7v9dut05cuq6uif743eeg1'
    '_csrf-frontend' => '19ceda4b4108b406e41f34ba984ce0b61c3da06e4da298fae606e453d1c464c0a:2:{i:0;s:14:\"_csrf-frontend\";i:1;s:32:\"TLDkraSw5LSwuLtENZtYZlL5UdusaPRc\";}'
]

$_SESSION = [
    '__flash' => []
]

$_SERVER = [
    'USER' => 'vagrant'
    'HOME' => '/home/vagrant'
    'HTTP_UPGRADE_INSECURE_REQUESTS' => '1'
    'HTTP_CONNECTION' => 'keep-alive'
    'HTTP_DNT' => '1'
    'HTTP_COOKIE' => 'advanced-frontend=vdmq7v9dut05cuq6uif743eeg1; _csrf-frontend=19ceda4b4108b406e41f34ba984ce0b61c3da06e4da298fae606e453d1c464c0a%3A2%3A%7Bi%3A0%3Bs%3A14%3A%22_csrf-frontend%22%3Bi%3A1%3Bs%3A32%3A%22TLDkraSw5LSwuLtENZtYZlL5UdusaPRc%22%3B%7D'
    'HTTP_ACCEPT_ENCODING' => 'gzip, deflate'
    'HTTP_ACCEPT_LANGUAGE' => 'ru-RU,ru;q=0.8,en-US;q=0.5,en;q=0.3'
    'HTTP_ACCEPT' => 'text/html,application/xhtml+xml,application/xml;q=0.9,*/*;q=0.8'
    'HTTP_USER_AGENT' => 'Mozilla/5.0 (Windows NT 6.1; Win64; x64; rv:61.0) Gecko/20100101 Firefox/61.0'
    'HTTP_HOST' => 'y2aa-frontend.test'
    'SCRIPT_FILENAME' => '/app/frontend/web/index.php'
    'REDIRECT_STATUS' => '200'
    'SERVER_NAME' => 'y2aa-frontend.test'
    'SERVER_PORT' => '80'
    'SERVER_ADDR' => '192.168.83.137'
    'REMOTE_PORT' => '2351'
    'REMOTE_ADDR' => '192.168.83.1'
    'SERVER_SOFTWARE' => 'nginx/1.10.3'
    'GATEWAY_INTERFACE' => 'CGI/1.1'
    'REQUEST_SCHEME' => 'http'
    'SERVER_PROTOCOL' => 'HTTP/1.1'
    'DOCUMENT_ROOT' => '/app/frontend/web'
    'DOCUMENT_URI' => '/index.php'
    'REQUEST_URI' => '/test'
    'SCRIPT_NAME' => '/index.php'
    'CONTENT_LENGTH' => ''
    'CONTENT_TYPE' => ''
    'REQUEST_METHOD' => 'GET'
    'QUERY_STRING' => ''
    'FCGI_ROLE' => 'RESPONDER'
    'PHP_SELF' => '/index.php'
    'REQUEST_TIME_FLOAT' => 1534953942.4836
    'REQUEST_TIME' => 1534953942
]
2018-08-22 16:07:52 [192.168.83.1][-][vdmq7v9dut05cuq6uif743eeg1][error][yii\base\UnknownClassException] yii\base\UnknownClassException: Unable to find 'frontend\controllers\TestController' in file: /app/frontend/controllers/TestController.php. Namespace missing? in /app/vendor/yiisoft/yii2/BaseYii.php:296
Stack trace:
#0 [internal function]: yii\BaseYii::autoload('frontend\\contro...')
#1 [internal function]: spl_autoload_call('frontend\\contro...')
#2 /app/vendor/yiisoft/yii2/base/Module.php(637): class_exists('frontend\\contro...')
#3 /app/vendor/yiisoft/yii2/base/Module.php(596): yii\base\Module->createControllerByID('test')
#4 /app/vendor/yiisoft/yii2/base/Module.php(522): yii\base\Module->createController('')
#5 /app/vendor/yiisoft/yii2/web/Application.php(103): yii\base\Module->runAction('test', Array)
#6 /app/vendor/yiisoft/yii2/base/Application.php(386): yii\web\Application->handleRequest(Object(yii\web\Request))
#7 /app/frontend/web/index.php(17): yii\base\Application->run()
#8 {main}
2018-08-22 16:07:52 [192.168.83.1][-][vdmq7v9dut05cuq6uif743eeg1][info][application] $_GET = []

$_POST = []

$_FILES = []

$_COOKIE = [
    'advanced-frontend' => 'vdmq7v9dut05cuq6uif743eeg1'
    '_csrf-frontend' => '19ceda4b4108b406e41f34ba984ce0b61c3da06e4da298fae606e453d1c464c0a:2:{i:0;s:14:\"_csrf-frontend\";i:1;s:32:\"TLDkraSw5LSwuLtENZtYZlL5UdusaPRc\";}'
]

$_SESSION = [
    '__flash' => []
]

$_SERVER = [
    'USER' => 'vagrant'
    'HOME' => '/home/vagrant'
    'HTTP_CACHE_CONTROL' => 'max-age=0'
    'HTTP_UPGRADE_INSECURE_REQUESTS' => '1'
    'HTTP_CONNECTION' => 'keep-alive'
    'HTTP_DNT' => '1'
    'HTTP_COOKIE' => 'advanced-frontend=vdmq7v9dut05cuq6uif743eeg1; _csrf-frontend=19ceda4b4108b406e41f34ba984ce0b61c3da06e4da298fae606e453d1c464c0a%3A2%3A%7Bi%3A0%3Bs%3A14%3A%22_csrf-frontend%22%3Bi%3A1%3Bs%3A32%3A%22TLDkraSw5LSwuLtENZtYZlL5UdusaPRc%22%3B%7D'
    'HTTP_ACCEPT_ENCODING' => 'gzip, deflate'
    'HTTP_ACCEPT_LANGUAGE' => 'ru-RU,ru;q=0.8,en-US;q=0.5,en;q=0.3'
    'HTTP_ACCEPT' => 'text/html,application/xhtml+xml,application/xml;q=0.9,*/*;q=0.8'
    'HTTP_USER_AGENT' => 'Mozilla/5.0 (Windows NT 6.1; Win64; x64; rv:61.0) Gecko/20100101 Firefox/61.0'
    'HTTP_HOST' => 'y2aa-frontend.test'
    'SCRIPT_FILENAME' => '/app/frontend/web/index.php'
    'REDIRECT_STATUS' => '200'
    'SERVER_NAME' => 'y2aa-frontend.test'
    'SERVER_PORT' => '80'
    'SERVER_ADDR' => '192.168.83.137'
    'REMOTE_PORT' => '2359'
    'REMOTE_ADDR' => '192.168.83.1'
    'SERVER_SOFTWARE' => 'nginx/1.10.3'
    'GATEWAY_INTERFACE' => 'CGI/1.1'
    'REQUEST_SCHEME' => 'http'
    'SERVER_PROTOCOL' => 'HTTP/1.1'
    'DOCUMENT_ROOT' => '/app/frontend/web'
    'DOCUMENT_URI' => '/index.php'
    'REQUEST_URI' => '/test'
    'SCRIPT_NAME' => '/index.php'
    'CONTENT_LENGTH' => ''
    'CONTENT_TYPE' => ''
    'REQUEST_METHOD' => 'GET'
    'QUERY_STRING' => ''
    'FCGI_ROLE' => 'RESPONDER'
    'PHP_SELF' => '/index.php'
    'REQUEST_TIME_FLOAT' => 1534954071.8418
    'REQUEST_TIME' => 1534954071
]
2018-08-22 16:08:57 [192.168.83.1][-][vdmq7v9dut05cuq6uif743eeg1][error][yii\base\UnknownClassException] yii\base\UnknownClassException: Unable to find 'frontend\controllers\TestController' in file: /app/frontend/controllers/TestController.php. Namespace missing? in /app/vendor/yiisoft/yii2/BaseYii.php:296
Stack trace:
#0 [internal function]: yii\BaseYii::autoload('frontend\\contro...')
#1 [internal function]: spl_autoload_call('frontend\\contro...')
#2 /app/vendor/yiisoft/yii2/base/Module.php(637): class_exists('frontend\\contro...')
#3 /app/vendor/yiisoft/yii2/base/Module.php(596): yii\base\Module->createControllerByID('test')
#4 /app/vendor/yiisoft/yii2/base/Module.php(522): yii\base\Module->createController('')
#5 /app/vendor/yiisoft/yii2/web/Application.php(103): yii\base\Module->runAction('test', Array)
#6 /app/vendor/yiisoft/yii2/base/Application.php(386): yii\web\Application->handleRequest(Object(yii\web\Request))
#7 /app/frontend/web/index.php(17): yii\base\Application->run()
#8 {main}
2018-08-22 16:08:57 [192.168.83.1][-][vdmq7v9dut05cuq6uif743eeg1][info][application] $_GET = []

$_POST = []

$_FILES = []

$_COOKIE = [
    'advanced-frontend' => 'vdmq7v9dut05cuq6uif743eeg1'
    '_csrf-frontend' => '19ceda4b4108b406e41f34ba984ce0b61c3da06e4da298fae606e453d1c464c0a:2:{i:0;s:14:\"_csrf-frontend\";i:1;s:32:\"TLDkraSw5LSwuLtENZtYZlL5UdusaPRc\";}'
]

$_SESSION = [
    '__flash' => []
]

$_SERVER = [
    'USER' => 'vagrant'
    'HOME' => '/home/vagrant'
    'HTTP_CACHE_CONTROL' => 'max-age=0'
    'HTTP_UPGRADE_INSECURE_REQUESTS' => '1'
    'HTTP_CONNECTION' => 'keep-alive'
    'HTTP_DNT' => '1'
    'HTTP_COOKIE' => 'advanced-frontend=vdmq7v9dut05cuq6uif743eeg1; _csrf-frontend=19ceda4b4108b406e41f34ba984ce0b61c3da06e4da298fae606e453d1c464c0a%3A2%3A%7Bi%3A0%3Bs%3A14%3A%22_csrf-frontend%22%3Bi%3A1%3Bs%3A32%3A%22TLDkraSw5LSwuLtENZtYZlL5UdusaPRc%22%3B%7D'
    'HTTP_ACCEPT_ENCODING' => 'gzip, deflate'
    'HTTP_ACCEPT_LANGUAGE' => 'ru-RU,ru;q=0.8,en-US;q=0.5,en;q=0.3'
    'HTTP_ACCEPT' => 'text/html,application/xhtml+xml,application/xml;q=0.9,*/*;q=0.8'
    'HTTP_USER_AGENT' => 'Mozilla/5.0 (Windows NT 6.1; Win64; x64; rv:61.0) Gecko/20100101 Firefox/61.0'
    'HTTP_HOST' => 'y2aa-frontend.test'
    'SCRIPT_FILENAME' => '/app/frontend/web/index.php'
    'REDIRECT_STATUS' => '200'
    'SERVER_NAME' => 'y2aa-frontend.test'
    'SERVER_PORT' => '80'
    'SERVER_ADDR' => '192.168.83.137'
    'REMOTE_PORT' => '2365'
    'REMOTE_ADDR' => '192.168.83.1'
    'SERVER_SOFTWARE' => 'nginx/1.10.3'
    'GATEWAY_INTERFACE' => 'CGI/1.1'
    'REQUEST_SCHEME' => 'http'
    'SERVER_PROTOCOL' => 'HTTP/1.1'
    'DOCUMENT_ROOT' => '/app/frontend/web'
    'DOCUMENT_URI' => '/index.php'
    'REQUEST_URI' => '/test'
    'SCRIPT_NAME' => '/index.php'
    'CONTENT_LENGTH' => ''
    'CONTENT_TYPE' => ''
    'REQUEST_METHOD' => 'GET'
    'QUERY_STRING' => ''
    'FCGI_ROLE' => 'RESPONDER'
    'PHP_SELF' => '/index.php'
    'REQUEST_TIME_FLOAT' => 1534954137.0218
    'REQUEST_TIME' => 1534954137
]
2018-08-22 16:10:19 [192.168.83.1][-][vdmq7v9dut05cuq6uif743eeg1][error][yii\base\UnknownClassException] yii\base\UnknownClassException: Unable to find 'frontend\controllers\TestController' in file: /app/frontend/controllers/TestController.php. Namespace missing? in /app/vendor/yiisoft/yii2/BaseYii.php:296
Stack trace:
#0 [internal function]: yii\BaseYii::autoload('frontend\\contro...')
#1 [internal function]: spl_autoload_call('frontend\\contro...')
#2 /app/vendor/yiisoft/yii2/base/Module.php(637): class_exists('frontend\\contro...')
#3 /app/vendor/yiisoft/yii2/base/Module.php(596): yii\base\Module->createControllerByID('test')
#4 /app/vendor/yiisoft/yii2/base/Module.php(522): yii\base\Module->createController('')
#5 /app/vendor/yiisoft/yii2/web/Application.php(103): yii\base\Module->runAction('test', Array)
#6 /app/vendor/yiisoft/yii2/base/Application.php(386): yii\web\Application->handleRequest(Object(yii\web\Request))
#7 /app/frontend/web/index.php(17): yii\base\Application->run()
#8 {main}
2018-08-22 16:10:19 [192.168.83.1][-][vdmq7v9dut05cuq6uif743eeg1][info][application] $_GET = []

$_POST = []

$_FILES = []

$_COOKIE = [
    'advanced-frontend' => 'vdmq7v9dut05cuq6uif743eeg1'
    '_csrf-frontend' => '19ceda4b4108b406e41f34ba984ce0b61c3da06e4da298fae606e453d1c464c0a:2:{i:0;s:14:\"_csrf-frontend\";i:1;s:32:\"TLDkraSw5LSwuLtENZtYZlL5UdusaPRc\";}'
]

$_SESSION = [
    '__flash' => []
]

$_SERVER = [
    'USER' => 'vagrant'
    'HOME' => '/home/vagrant'
    'HTTP_CACHE_CONTROL' => 'max-age=0'
    'HTTP_UPGRADE_INSECURE_REQUESTS' => '1'
    'HTTP_CONNECTION' => 'keep-alive'
    'HTTP_DNT' => '1'
    'HTTP_COOKIE' => 'advanced-frontend=vdmq7v9dut05cuq6uif743eeg1; _csrf-frontend=19ceda4b4108b406e41f34ba984ce0b61c3da06e4da298fae606e453d1c464c0a%3A2%3A%7Bi%3A0%3Bs%3A14%3A%22_csrf-frontend%22%3Bi%3A1%3Bs%3A32%3A%22TLDkraSw5LSwuLtENZtYZlL5UdusaPRc%22%3B%7D'
    'HTTP_ACCEPT_ENCODING' => 'gzip, deflate'
    'HTTP_ACCEPT_LANGUAGE' => 'ru-RU,ru;q=0.8,en-US;q=0.5,en;q=0.3'
    'HTTP_ACCEPT' => 'text/html,application/xhtml+xml,application/xml;q=0.9,*/*;q=0.8'
    'HTTP_USER_AGENT' => 'Mozilla/5.0 (Windows NT 6.1; Win64; x64; rv:61.0) Gecko/20100101 Firefox/61.0'
    'HTTP_HOST' => 'y2aa-frontend.test'
    'SCRIPT_FILENAME' => '/app/frontend/web/index.php'
    'REDIRECT_STATUS' => '200'
    'SERVER_NAME' => 'y2aa-frontend.test'
    'SERVER_PORT' => '80'
    'SERVER_ADDR' => '192.168.83.137'
    'REMOTE_PORT' => '2370'
    'REMOTE_ADDR' => '192.168.83.1'
    'SERVER_SOFTWARE' => 'nginx/1.10.3'
    'GATEWAY_INTERFACE' => 'CGI/1.1'
    'REQUEST_SCHEME' => 'http'
    'SERVER_PROTOCOL' => 'HTTP/1.1'
    'DOCUMENT_ROOT' => '/app/frontend/web'
    'DOCUMENT_URI' => '/index.php'
    'REQUEST_URI' => '/test'
    'SCRIPT_NAME' => '/index.php'
    'CONTENT_LENGTH' => ''
    'CONTENT_TYPE' => ''
    'REQUEST_METHOD' => 'GET'
    'QUERY_STRING' => ''
    'FCGI_ROLE' => 'RESPONDER'
    'PHP_SELF' => '/index.php'
    'REQUEST_TIME_FLOAT' => 1534954218.8245
    'REQUEST_TIME' => 1534954218
]
2018-08-22 16:10:32 [192.168.83.1][-][vdmq7v9dut05cuq6uif743eeg1][error][yii\base\UnknownClassException] yii\base\UnknownClassException: Unable to find 'frontend\controllers\TestController' in file: /app/frontend/controllers/TestController.php. Namespace missing? in /app/vendor/yiisoft/yii2/BaseYii.php:296
Stack trace:
#0 [internal function]: yii\BaseYii::autoload('frontend\\contro...')
#1 [internal function]: spl_autoload_call('frontend\\contro...')
#2 /app/vendor/yiisoft/yii2/base/Module.php(637): class_exists('frontend\\contro...')
#3 /app/vendor/yiisoft/yii2/base/Module.php(596): yii\base\Module->createControllerByID('test')
#4 /app/vendor/yiisoft/yii2/base/Module.php(522): yii\base\Module->createController('index')
#5 /app/vendor/yiisoft/yii2/web/Application.php(103): yii\base\Module->runAction('test/index', Array)
#6 /app/vendor/yiisoft/yii2/base/Application.php(386): yii\web\Application->handleRequest(Object(yii\web\Request))
#7 /app/frontend/web/index.php(17): yii\base\Application->run()
#8 {main}
2018-08-22 16:10:32 [192.168.83.1][-][vdmq7v9dut05cuq6uif743eeg1][info][application] $_GET = []

$_POST = []

$_FILES = []

$_COOKIE = [
    'advanced-frontend' => 'vdmq7v9dut05cuq6uif743eeg1'
    '_csrf-frontend' => '19ceda4b4108b406e41f34ba984ce0b61c3da06e4da298fae606e453d1c464c0a:2:{i:0;s:14:\"_csrf-frontend\";i:1;s:32:\"TLDkraSw5LSwuLtENZtYZlL5UdusaPRc\";}'
]

$_SESSION = [
    '__flash' => []
]

$_SERVER = [
    'USER' => 'vagrant'
    'HOME' => '/home/vagrant'
    'HTTP_UPGRADE_INSECURE_REQUESTS' => '1'
    'HTTP_CONNECTION' => 'keep-alive'
    'HTTP_DNT' => '1'
    'HTTP_COOKIE' => 'advanced-frontend=vdmq7v9dut05cuq6uif743eeg1; _csrf-frontend=19ceda4b4108b406e41f34ba984ce0b61c3da06e4da298fae606e453d1c464c0a%3A2%3A%7Bi%3A0%3Bs%3A14%3A%22_csrf-frontend%22%3Bi%3A1%3Bs%3A32%3A%22TLDkraSw5LSwuLtENZtYZlL5UdusaPRc%22%3B%7D'
    'HTTP_ACCEPT_ENCODING' => 'gzip, deflate'
    'HTTP_ACCEPT_LANGUAGE' => 'ru-RU,ru;q=0.8,en-US;q=0.5,en;q=0.3'
    'HTTP_ACCEPT' => 'text/html,application/xhtml+xml,application/xml;q=0.9,*/*;q=0.8'
    'HTTP_USER_AGENT' => 'Mozilla/5.0 (Windows NT 6.1; Win64; x64; rv:61.0) Gecko/20100101 Firefox/61.0'
    'HTTP_HOST' => 'y2aa-frontend.test'
    'SCRIPT_FILENAME' => '/app/frontend/web/index.php'
    'REDIRECT_STATUS' => '200'
    'SERVER_NAME' => 'y2aa-frontend.test'
    'SERVER_PORT' => '80'
    'SERVER_ADDR' => '192.168.83.137'
    'REMOTE_PORT' => '2370'
    'REMOTE_ADDR' => '192.168.83.1'
    'SERVER_SOFTWARE' => 'nginx/1.10.3'
    'GATEWAY_INTERFACE' => 'CGI/1.1'
    'REQUEST_SCHEME' => 'http'
    'SERVER_PROTOCOL' => 'HTTP/1.1'
    'DOCUMENT_ROOT' => '/app/frontend/web'
    'DOCUMENT_URI' => '/index.php'
    'REQUEST_URI' => '/test/index'
    'SCRIPT_NAME' => '/index.php'
    'CONTENT_LENGTH' => ''
    'CONTENT_TYPE' => ''
    'REQUEST_METHOD' => 'GET'
    'QUERY_STRING' => ''
    'FCGI_ROLE' => 'RESPONDER'
    'PHP_SELF' => '/index.php'
    'REQUEST_TIME_FLOAT' => 1534954231.8298
    'REQUEST_TIME' => 1534954231
]
2018-08-22 16:12:42 [192.168.83.1][-][vdmq7v9dut05cuq6uif743eeg1][error][yii\base\ErrorException:8] yii\base\ErrorException: Undefined variable: hw in /app/frontend/views/test/index.php:9
Stack trace:
#0 /app/vendor/yiisoft/yii2/base/View.php(257): yii\base\View->renderPhpFile()
#1 /app/vendor/yiisoft/yii2/base/View.php(156): yii\base\View->renderFile()
#2 /app/vendor/yiisoft/yii2/base/Controller.php(384): yii\base\View->render()
#3 /app/frontend/controllers/TestController.php(23): yii\base\Controller->render()
#4 /app/vendor/yiisoft/yii2/base/InlineAction.php(57): frontend\controllers\TestController->actionIndex()
#5 /app/vendor/yiisoft/yii2/base/InlineAction.php(57): ::call_user_func_array:{/app/vendor/yiisoft/yii2/base/InlineAction.php:57}()
#6 /app/vendor/yiisoft/yii2/base/Controller.php(157): yii\base\InlineAction->runWithParams()
#7 /app/vendor/yiisoft/yii2/base/Module.php(528): yii\base\Controller->runAction()
#8 /app/vendor/yiisoft/yii2/web/Application.php(103): yii\base\Module->runAction()
#9 /app/vendor/yiisoft/yii2/base/Application.php(386): yii\web\Application->handleRequest()
#10 /app/frontend/web/index.php(17): yii\base\Application->run()
#11 {main}
2018-08-22 16:12:42 [192.168.83.1][-][vdmq7v9dut05cuq6uif743eeg1][info][application] $_GET = []

$_POST = []

$_FILES = []

$_COOKIE = [
    'advanced-frontend' => 'vdmq7v9dut05cuq6uif743eeg1'
    '_csrf-frontend' => '19ceda4b4108b406e41f34ba984ce0b61c3da06e4da298fae606e453d1c464c0a:2:{i:0;s:14:\"_csrf-frontend\";i:1;s:32:\"TLDkraSw5LSwuLtENZtYZlL5UdusaPRc\";}'
]

$_SESSION = [
    '__flash' => []
]

$_SERVER = [
    'USER' => 'vagrant'
    'HOME' => '/home/vagrant'
    'HTTP_CACHE_CONTROL' => 'max-age=0'
    'HTTP_UPGRADE_INSECURE_REQUESTS' => '1'
    'HTTP_CONNECTION' => 'keep-alive'
    'HTTP_DNT' => '1'
    'HTTP_COOKIE' => 'advanced-frontend=vdmq7v9dut05cuq6uif743eeg1; _csrf-frontend=19ceda4b4108b406e41f34ba984ce0b61c3da06e4da298fae606e453d1c464c0a%3A2%3A%7Bi%3A0%3Bs%3A14%3A%22_csrf-frontend%22%3Bi%3A1%3Bs%3A32%3A%22TLDkraSw5LSwuLtENZtYZlL5UdusaPRc%22%3B%7D'
    'HTTP_ACCEPT_ENCODING' => 'gzip, deflate'
    'HTTP_ACCEPT_LANGUAGE' => 'ru-RU,ru;q=0.8,en-US;q=0.5,en;q=0.3'
    'HTTP_ACCEPT' => 'text/html,application/xhtml+xml,application/xml;q=0.9,*/*;q=0.8'
    'HTTP_USER_AGENT' => 'Mozilla/5.0 (Windows NT 6.1; Win64; x64; rv:61.0) Gecko/20100101 Firefox/61.0'
    'HTTP_HOST' => 'y2aa-frontend.test'
    'SCRIPT_FILENAME' => '/app/frontend/web/index.php'
    'REDIRECT_STATUS' => '200'
    'SERVER_NAME' => 'y2aa-frontend.test'
    'SERVER_PORT' => '80'
    'SERVER_ADDR' => '192.168.83.137'
    'REMOTE_PORT' => '2378'
    'REMOTE_ADDR' => '192.168.83.1'
    'SERVER_SOFTWARE' => 'nginx/1.10.3'
    'GATEWAY_INTERFACE' => 'CGI/1.1'
    'REQUEST_SCHEME' => 'http'
    'SERVER_PROTOCOL' => 'HTTP/1.1'
    'DOCUMENT_ROOT' => '/app/frontend/web'
    'DOCUMENT_URI' => '/index.php'
    'REQUEST_URI' => '/test/index'
    'SCRIPT_NAME' => '/index.php'
    'CONTENT_LENGTH' => ''
    'CONTENT_TYPE' => ''
    'REQUEST_METHOD' => 'GET'
    'QUERY_STRING' => ''
    'FCGI_ROLE' => 'RESPONDER'
    'PHP_SELF' => '/index.php'
    'REQUEST_TIME_FLOAT' => 1534954361.8542
    'REQUEST_TIME' => 1534954361
]
2018-08-29 06:34:06 [192.168.83.1][-][-][error][Error] Error: Call to undefined method common\modules\chat\widgets\Chat::vidget() in /app/frontend/views/site/index.php:9
Stack trace:
#0 /app/vendor/yiisoft/yii2/base/View.php(348): require()
#1 /app/vendor/yiisoft/yii2/base/View.php(257): yii\base\View->renderPhpFile('/app/frontend/v...', Array)
#2 /app/vendor/yiisoft/yii2/base/View.php(156): yii\base\View->renderFile('/app/frontend/v...', Array, Object(frontend\controllers\SiteController))
#3 /app/vendor/yiisoft/yii2/base/Controller.php(384): yii\base\View->render('index', Array, Object(frontend\controllers\SiteController))
#4 /app/frontend/controllers/SiteController.php(75): yii\base\Controller->render('index')
#5 [internal function]: frontend\controllers\SiteController->actionIndex()
#6 /app/vendor/yiisoft/yii2/base/InlineAction.php(57): call_user_func_array(Array, Array)
#7 /app/vendor/yiisoft/yii2/base/Controller.php(157): yii\base\InlineAction->runWithParams(Array)
#8 /app/vendor/yiisoft/yii2/base/Module.php(528): yii\base\Controller->runAction('', Array)
#9 /app/vendor/yiisoft/yii2/web/Application.php(103): yii\base\Module->runAction('', Array)
#10 /app/vendor/yiisoft/yii2/base/Application.php(386): yii\web\Application->handleRequest(Object(yii\web\Request))
#11 /app/frontend/web/index.php(17): yii\base\Application->run()
#12 {main}
2018-08-29 06:34:05 [192.168.83.1][-][-][info][application] $_GET = []

$_POST = []

$_FILES = []

$_COOKIE = []

$_SERVER = [
    'USER' => 'vagrant'
    'HOME' => '/home/vagrant'
    'HTTP_UPGRADE_INSECURE_REQUESTS' => '1'
    'HTTP_CONNECTION' => 'keep-alive'
    'HTTP_DNT' => '1'
    'HTTP_ACCEPT_ENCODING' => 'gzip, deflate'
    'HTTP_ACCEPT_LANGUAGE' => 'ru-RU,ru;q=0.8,en-US;q=0.5,en;q=0.3'
    'HTTP_ACCEPT' => 'text/html,application/xhtml+xml,application/xml;q=0.9,*/*;q=0.8'
    'HTTP_USER_AGENT' => 'Mozilla/5.0 (Windows NT 6.1; Win64; x64; rv:61.0) Gecko/20100101 Firefox/61.0'
    'HTTP_HOST' => 'y2aa-frontend.test'
    'SCRIPT_FILENAME' => '/app/frontend/web/index.php'
    'REDIRECT_STATUS' => '200'
    'SERVER_NAME' => 'y2aa-frontend.test'
    'SERVER_PORT' => '80'
    'SERVER_ADDR' => '192.168.83.137'
    'REMOTE_PORT' => '2335'
    'REMOTE_ADDR' => '192.168.83.1'
    'SERVER_SOFTWARE' => 'nginx/1.10.3'
    'GATEWAY_INTERFACE' => 'CGI/1.1'
    'REQUEST_SCHEME' => 'http'
    'SERVER_PROTOCOL' => 'HTTP/1.1'
    'DOCUMENT_ROOT' => '/app/frontend/web'
    'DOCUMENT_URI' => '/index.php'
    'REQUEST_URI' => '/'
    'SCRIPT_NAME' => '/index.php'
    'CONTENT_LENGTH' => ''
    'CONTENT_TYPE' => ''
    'REQUEST_METHOD' => 'GET'
    'QUERY_STRING' => ''
    'FCGI_ROLE' => 'RESPONDER'
    'PHP_SELF' => '/index.php'
    'REQUEST_TIME_FLOAT' => 1535524445.3525
    'REQUEST_TIME' => 1535524445
]
2018-08-29 06:35:30 [192.168.83.1][-][-][error][Error] Error: Call to undefined method common\modules\chat\widgets\Chat::vidget() in /app/frontend/views/site/index.php:9
Stack trace:
#0 /app/vendor/yiisoft/yii2/base/View.php(348): require()
#1 /app/vendor/yiisoft/yii2/base/View.php(257): yii\base\View->renderPhpFile('/app/frontend/v...', Array)
#2 /app/vendor/yiisoft/yii2/base/View.php(156): yii\base\View->renderFile('/app/frontend/v...', Array, Object(frontend\controllers\SiteController))
#3 /app/vendor/yiisoft/yii2/base/Controller.php(384): yii\base\View->render('index', Array, Object(frontend\controllers\SiteController))
#4 /app/frontend/controllers/SiteController.php(75): yii\base\Controller->render('index')
#5 [internal function]: frontend\controllers\SiteController->actionIndex()
#6 /app/vendor/yiisoft/yii2/base/InlineAction.php(57): call_user_func_array(Array, Array)
#7 /app/vendor/yiisoft/yii2/base/Controller.php(157): yii\base\InlineAction->runWithParams(Array)
#8 /app/vendor/yiisoft/yii2/base/Module.php(528): yii\base\Controller->runAction('', Array)
#9 /app/vendor/yiisoft/yii2/web/Application.php(103): yii\base\Module->runAction('', Array)
#10 /app/vendor/yiisoft/yii2/base/Application.php(386): yii\web\Application->handleRequest(Object(yii\web\Request))
#11 /app/frontend/web/index.php(17): yii\base\Application->run()
#12 {main}
2018-08-29 06:35:30 [192.168.83.1][-][-][info][application] $_GET = []

$_POST = []

$_FILES = []

$_COOKIE = []

$_SERVER = [
    'USER' => 'vagrant'
    'HOME' => '/home/vagrant'
    'HTTP_CACHE_CONTROL' => 'max-age=0'
    'HTTP_UPGRADE_INSECURE_REQUESTS' => '1'
    'HTTP_CONNECTION' => 'keep-alive'
    'HTTP_DNT' => '1'
    'HTTP_ACCEPT_ENCODING' => 'gzip, deflate'
    'HTTP_ACCEPT_LANGUAGE' => 'ru-RU,ru;q=0.8,en-US;q=0.5,en;q=0.3'
    'HTTP_ACCEPT' => 'text/html,application/xhtml+xml,application/xml;q=0.9,*/*;q=0.8'
    'HTTP_USER_AGENT' => 'Mozilla/5.0 (Windows NT 6.1; Win64; x64; rv:61.0) Gecko/20100101 Firefox/61.0'
    'HTTP_HOST' => 'y2aa-frontend.test'
    'SCRIPT_FILENAME' => '/app/frontend/web/index.php'
    'REDIRECT_STATUS' => '200'
    'SERVER_NAME' => 'y2aa-frontend.test'
    'SERVER_PORT' => '80'
    'SERVER_ADDR' => '192.168.83.137'
    'REMOTE_PORT' => '2349'
    'REMOTE_ADDR' => '192.168.83.1'
    'SERVER_SOFTWARE' => 'nginx/1.10.3'
    'GATEWAY_INTERFACE' => 'CGI/1.1'
    'REQUEST_SCHEME' => 'http'
    'SERVER_PROTOCOL' => 'HTTP/1.1'
    'DOCUMENT_ROOT' => '/app/frontend/web'
    'DOCUMENT_URI' => '/index.php'
    'REQUEST_URI' => '/'
    'SCRIPT_NAME' => '/index.php'
    'CONTENT_LENGTH' => ''
    'CONTENT_TYPE' => ''
    'REQUEST_METHOD' => 'GET'
    'QUERY_STRING' => ''
    'FCGI_ROLE' => 'RESPONDER'
    'PHP_SELF' => '/index.php'
    'REQUEST_TIME_FLOAT' => 1535524530.2281
    'REQUEST_TIME' => 1535524530
]
2018-08-29 06:37:03 [192.168.83.1][-][-][error][Error] Error: Call to undefined method common\modules\chat\widgets\Chat::vidget() in /app/frontend/views/site/index.php:9
Stack trace:
#0 /app/vendor/yiisoft/yii2/base/View.php(348): require()
#1 /app/vendor/yiisoft/yii2/base/View.php(257): yii\base\View->renderPhpFile('/app/frontend/v...', Array)
#2 /app/vendor/yiisoft/yii2/base/View.php(156): yii\base\View->renderFile('/app/frontend/v...', Array, Object(frontend\controllers\SiteController))
#3 /app/vendor/yiisoft/yii2/base/Controller.php(384): yii\base\View->render('index', Array, Object(frontend\controllers\SiteController))
#4 /app/frontend/controllers/SiteController.php(75): yii\base\Controller->render('index')
#5 [internal function]: frontend\controllers\SiteController->actionIndex()
#6 /app/vendor/yiisoft/yii2/base/InlineAction.php(57): call_user_func_array(Array, Array)
#7 /app/vendor/yiisoft/yii2/base/Controller.php(157): yii\base\InlineAction->runWithParams(Array)
#8 /app/vendor/yiisoft/yii2/base/Module.php(528): yii\base\Controller->runAction('', Array)
#9 /app/vendor/yiisoft/yii2/web/Application.php(103): yii\base\Module->runAction('', Array)
#10 /app/vendor/yiisoft/yii2/base/Application.php(386): yii\web\Application->handleRequest(Object(yii\web\Request))
#11 /app/frontend/web/index.php(17): yii\base\Application->run()
#12 {main}
2018-08-29 06:37:03 [192.168.83.1][-][-][info][application] $_GET = []

$_POST = []

$_FILES = []

$_COOKIE = [
    '_csrf-frontend' => 'dfc33bd9bf106926ae0fc619d7bc5599d76fcc2d230c42d17e2716d75610d87da:2:{i:0;s:14:\"_csrf-frontend\";i:1;s:32:\"uqFPCXgYapNw5Haw0-hwZ48NqcKZCzls\";}'
]

$_SERVER = [
    'USER' => 'vagrant'
    'HOME' => '/home/vagrant'
    'HTTP_CACHE_CONTROL' => 'max-age=0'
    'HTTP_UPGRADE_INSECURE_REQUESTS' => '1'
    'HTTP_CONNECTION' => 'keep-alive'
    'HTTP_DNT' => '1'
    'HTTP_COOKIE' => '_csrf-frontend=dfc33bd9bf106926ae0fc619d7bc5599d76fcc2d230c42d17e2716d75610d87da%3A2%3A%7Bi%3A0%3Bs%3A14%3A%22_csrf-frontend%22%3Bi%3A1%3Bs%3A32%3A%22uqFPCXgYapNw5Haw0-hwZ48NqcKZCzls%22%3B%7D'
    'HTTP_ACCEPT_ENCODING' => 'gzip, deflate'
    'HTTP_ACCEPT_LANGUAGE' => 'ru-RU,ru;q=0.8,en-US;q=0.5,en;q=0.3'
    'HTTP_ACCEPT' => 'text/html,application/xhtml+xml,application/xml;q=0.9,*/*;q=0.8'
    'HTTP_USER_AGENT' => 'Mozilla/5.0 (Windows NT 6.1; Win64; x64; rv:61.0) Gecko/20100101 Firefox/61.0'
    'HTTP_HOST' => 'y2aa-frontend.test'
    'SCRIPT_FILENAME' => '/app/frontend/web/index.php'
    'REDIRECT_STATUS' => '200'
    'SERVER_NAME' => 'y2aa-frontend.test'
    'SERVER_PORT' => '80'
    'SERVER_ADDR' => '192.168.83.137'
    'REMOTE_PORT' => '2379'
    'REMOTE_ADDR' => '192.168.83.1'
    'SERVER_SOFTWARE' => 'nginx/1.10.3'
    'GATEWAY_INTERFACE' => 'CGI/1.1'
    'REQUEST_SCHEME' => 'http'
    'SERVER_PROTOCOL' => 'HTTP/1.1'
    'DOCUMENT_ROOT' => '/app/frontend/web'
    'DOCUMENT_URI' => '/index.php'
    'REQUEST_URI' => '/'
    'SCRIPT_NAME' => '/index.php'
    'CONTENT_LENGTH' => ''
    'CONTENT_TYPE' => ''
    'REQUEST_METHOD' => 'GET'
    'QUERY_STRING' => ''
    'FCGI_ROLE' => 'RESPONDER'
    'PHP_SELF' => '/index.php'
    'REQUEST_TIME_FLOAT' => 1535524623.1308
    'REQUEST_TIME' => 1535524623
]
2018-08-29 06:39:07 [192.168.83.1][-][-][error][Error] Error: Using $this when not in object context in /app/common/modules/chat/widgets/Chat.php:13
Stack trace:
#0 /app/frontend/views/site/index.php(9): common\modules\chat\widgets\Chat::run()
#1 /app/vendor/yiisoft/yii2/base/View.php(348): require('/app/frontend/v...')
#2 /app/vendor/yiisoft/yii2/base/View.php(257): yii\base\View->renderPhpFile('/app/frontend/v...', Array)
#3 /app/vendor/yiisoft/yii2/base/View.php(156): yii\base\View->renderFile('/app/frontend/v...', Array, Object(frontend\controllers\SiteController))
#4 /app/vendor/yiisoft/yii2/base/Controller.php(384): yii\base\View->render('index', Array, Object(frontend\controllers\SiteController))
#5 /app/frontend/controllers/SiteController.php(75): yii\base\Controller->render('index')
#6 [internal function]: frontend\controllers\SiteController->actionIndex()
#7 /app/vendor/yiisoft/yii2/base/InlineAction.php(57): call_user_func_array(Array, Array)
#8 /app/vendor/yiisoft/yii2/base/Controller.php(157): yii\base\InlineAction->runWithParams(Array)
#9 /app/vendor/yiisoft/yii2/base/Module.php(528): yii\base\Controller->runAction('', Array)
#10 /app/vendor/yiisoft/yii2/web/Application.php(103): yii\base\Module->runAction('', Array)
#11 /app/vendor/yiisoft/yii2/base/Application.php(386): yii\web\Application->handleRequest(Object(yii\web\Request))
#12 /app/frontend/web/index.php(17): yii\base\Application->run()
#13 {main}
2018-08-29 06:39:07 [192.168.83.1][-][-][info][application] $_GET = []

$_POST = []

$_FILES = []

$_COOKIE = [
    '_csrf-frontend' => 'dfc33bd9bf106926ae0fc619d7bc5599d76fcc2d230c42d17e2716d75610d87da:2:{i:0;s:14:\"_csrf-frontend\";i:1;s:32:\"uqFPCXgYapNw5Haw0-hwZ48NqcKZCzls\";}'
]

$_SERVER = [
    'USER' => 'vagrant'
    'HOME' => '/home/vagrant'
    'HTTP_CACHE_CONTROL' => 'max-age=0'
    'HTTP_UPGRADE_INSECURE_REQUESTS' => '1'
    'HTTP_CONNECTION' => 'keep-alive'
    'HTTP_DNT' => '1'
    'HTTP_COOKIE' => '_csrf-frontend=dfc33bd9bf106926ae0fc619d7bc5599d76fcc2d230c42d17e2716d75610d87da%3A2%3A%7Bi%3A0%3Bs%3A14%3A%22_csrf-frontend%22%3Bi%3A1%3Bs%3A32%3A%22uqFPCXgYapNw5Haw0-hwZ48NqcKZCzls%22%3B%7D'
    'HTTP_ACCEPT_ENCODING' => 'gzip, deflate'
    'HTTP_ACCEPT_LANGUAGE' => 'ru-RU,ru;q=0.8,en-US;q=0.5,en;q=0.3'
    'HTTP_ACCEPT' => 'text/html,application/xhtml+xml,application/xml;q=0.9,*/*;q=0.8'
    'HTTP_USER_AGENT' => 'Mozilla/5.0 (Windows NT 6.1; Win64; x64; rv:61.0) Gecko/20100101 Firefox/61.0'
    'HTTP_HOST' => 'y2aa-frontend.test'
    'SCRIPT_FILENAME' => '/app/frontend/web/index.php'
    'REDIRECT_STATUS' => '200'
    'SERVER_NAME' => 'y2aa-frontend.test'
    'SERVER_PORT' => '80'
    'SERVER_ADDR' => '192.168.83.137'
    'REMOTE_PORT' => '2398'
    'REMOTE_ADDR' => '192.168.83.1'
    'SERVER_SOFTWARE' => 'nginx/1.10.3'
    'GATEWAY_INTERFACE' => 'CGI/1.1'
    'REQUEST_SCHEME' => 'http'
    'SERVER_PROTOCOL' => 'HTTP/1.1'
    'DOCUMENT_ROOT' => '/app/frontend/web'
    'DOCUMENT_URI' => '/index.php'
    'REQUEST_URI' => '/'
    'SCRIPT_NAME' => '/index.php'
    'CONTENT_LENGTH' => ''
    'CONTENT_TYPE' => ''
    'REQUEST_METHOD' => 'GET'
    'QUERY_STRING' => ''
    'FCGI_ROLE' => 'RESPONDER'
    'PHP_SELF' => '/index.php'
    'REQUEST_TIME_FLOAT' => 1535524746.7989
    'REQUEST_TIME' => 1535524746
]
2018-08-29 06:40:15 [192.168.83.1][-][-][error][Error] Error: Using $this when not in object context in /app/common/modules/chat/widgets/Chat.php:13
Stack trace:
#0 /app/frontend/views/site/index.php(9): common\modules\chat\widgets\Chat::run()
#1 /app/vendor/yiisoft/yii2/base/View.php(348): require('/app/frontend/v...')
#2 /app/vendor/yiisoft/yii2/base/View.php(257): yii\base\View->renderPhpFile('/app/frontend/v...', Array)
#3 /app/vendor/yiisoft/yii2/base/View.php(156): yii\base\View->renderFile('/app/frontend/v...', Array, Object(frontend\controllers\SiteController))
#4 /app/vendor/yiisoft/yii2/base/Controller.php(384): yii\base\View->render('index', Array, Object(frontend\controllers\SiteController))
#5 /app/frontend/controllers/SiteController.php(75): yii\base\Controller->render('index')
#6 [internal function]: frontend\controllers\SiteController->actionIndex()
#7 /app/vendor/yiisoft/yii2/base/InlineAction.php(57): call_user_func_array(Array, Array)
#8 /app/vendor/yiisoft/yii2/base/Controller.php(157): yii\base\InlineAction->runWithParams(Array)
#9 /app/vendor/yiisoft/yii2/base/Module.php(528): yii\base\Controller->runAction('', Array)
#10 /app/vendor/yiisoft/yii2/web/Application.php(103): yii\base\Module->runAction('', Array)
#11 /app/vendor/yiisoft/yii2/base/Application.php(386): yii\web\Application->handleRequest(Object(yii\web\Request))
#12 /app/frontend/web/index.php(17): yii\base\Application->run()
#13 {main}
2018-08-29 06:40:14 [192.168.83.1][-][-][info][application] $_GET = []

$_POST = []

$_FILES = []

$_COOKIE = [
    '_csrf-frontend' => 'dfc33bd9bf106926ae0fc619d7bc5599d76fcc2d230c42d17e2716d75610d87da:2:{i:0;s:14:\"_csrf-frontend\";i:1;s:32:\"uqFPCXgYapNw5Haw0-hwZ48NqcKZCzls\";}'
]

$_SERVER = [
    'USER' => 'vagrant'
    'HOME' => '/home/vagrant'
    'HTTP_CACHE_CONTROL' => 'max-age=0'
    'HTTP_UPGRADE_INSECURE_REQUESTS' => '1'
    'HTTP_CONNECTION' => 'keep-alive'
    'HTTP_DNT' => '1'
    'HTTP_COOKIE' => '_csrf-frontend=dfc33bd9bf106926ae0fc619d7bc5599d76fcc2d230c42d17e2716d75610d87da%3A2%3A%7Bi%3A0%3Bs%3A14%3A%22_csrf-frontend%22%3Bi%3A1%3Bs%3A32%3A%22uqFPCXgYapNw5Haw0-hwZ48NqcKZCzls%22%3B%7D'
    'HTTP_ACCEPT_ENCODING' => 'gzip, deflate'
    'HTTP_ACCEPT_LANGUAGE' => 'ru-RU,ru;q=0.8,en-US;q=0.5,en;q=0.3'
    'HTTP_ACCEPT' => 'text/html,application/xhtml+xml,application/xml;q=0.9,*/*;q=0.8'
    'HTTP_USER_AGENT' => 'Mozilla/5.0 (Windows NT 6.1; Win64; x64; rv:61.0) Gecko/20100101 Firefox/61.0'
    'HTTP_HOST' => 'y2aa-frontend.test'
    'SCRIPT_FILENAME' => '/app/frontend/web/index.php'
    'REDIRECT_STATUS' => '200'
    'SERVER_NAME' => 'y2aa-frontend.test'
    'SERVER_PORT' => '80'
    'SERVER_ADDR' => '192.168.83.137'
    'REMOTE_PORT' => '2404'
    'REMOTE_ADDR' => '192.168.83.1'
    'SERVER_SOFTWARE' => 'nginx/1.10.3'
    'GATEWAY_INTERFACE' => 'CGI/1.1'
    'REQUEST_SCHEME' => 'http'
    'SERVER_PROTOCOL' => 'HTTP/1.1'
    'DOCUMENT_ROOT' => '/app/frontend/web'
    'DOCUMENT_URI' => '/index.php'
    'REQUEST_URI' => '/'
    'SCRIPT_NAME' => '/index.php'
    'CONTENT_LENGTH' => ''
    'CONTENT_TYPE' => ''
    'REQUEST_METHOD' => 'GET'
    'QUERY_STRING' => ''
    'FCGI_ROLE' => 'RESPONDER'
    'PHP_SELF' => '/index.php'
    'REQUEST_TIME_FLOAT' => 1535524814.4605
    'REQUEST_TIME' => 1535524814
]
2018-08-29 06:44:36 [192.168.83.1][-][-][error][Error] Error: Call to undefined method common\modules\chat\widgets\Chat::vidget() in /app/frontend/views/site/index.php:9
Stack trace:
#0 /app/vendor/yiisoft/yii2/base/View.php(348): require()
#1 /app/vendor/yiisoft/yii2/base/View.php(257): yii\base\View->renderPhpFile('/app/frontend/v...', Array)
#2 /app/vendor/yiisoft/yii2/base/View.php(156): yii\base\View->renderFile('/app/frontend/v...', Array, Object(frontend\controllers\SiteController))
#3 /app/vendor/yiisoft/yii2/base/Controller.php(384): yii\base\View->render('index', Array, Object(frontend\controllers\SiteController))
#4 /app/frontend/controllers/SiteController.php(75): yii\base\Controller->render('index')
#5 [internal function]: frontend\controllers\SiteController->actionIndex()
#6 /app/vendor/yiisoft/yii2/base/InlineAction.php(57): call_user_func_array(Array, Array)
#7 /app/vendor/yiisoft/yii2/base/Controller.php(157): yii\base\InlineAction->runWithParams(Array)
#8 /app/vendor/yiisoft/yii2/base/Module.php(528): yii\base\Controller->runAction('', Array)
#9 /app/vendor/yiisoft/yii2/web/Application.php(103): yii\base\Module->runAction('', Array)
#10 /app/vendor/yiisoft/yii2/base/Application.php(386): yii\web\Application->handleRequest(Object(yii\web\Request))
#11 /app/frontend/web/index.php(17): yii\base\Application->run()
#12 {main}
2018-08-29 06:44:35 [192.168.83.1][-][-][info][application] $_GET = []

$_POST = []

$_FILES = []

$_COOKIE = [
    '_csrf-frontend' => 'dfc33bd9bf106926ae0fc619d7bc5599d76fcc2d230c42d17e2716d75610d87da:2:{i:0;s:14:\"_csrf-frontend\";i:1;s:32:\"uqFPCXgYapNw5Haw0-hwZ48NqcKZCzls\";}'
]

$_SERVER = [
    'USER' => 'vagrant'
    'HOME' => '/home/vagrant'
    'HTTP_UPGRADE_INSECURE_REQUESTS' => '1'
    'HTTP_CONNECTION' => 'keep-alive'
    'HTTP_DNT' => '1'
    'HTTP_COOKIE' => '_csrf-frontend=dfc33bd9bf106926ae0fc619d7bc5599d76fcc2d230c42d17e2716d75610d87da%3A2%3A%7Bi%3A0%3Bs%3A14%3A%22_csrf-frontend%22%3Bi%3A1%3Bs%3A32%3A%22uqFPCXgYapNw5Haw0-hwZ48NqcKZCzls%22%3B%7D'
    'HTTP_ACCEPT_ENCODING' => 'gzip, deflate'
    'HTTP_ACCEPT_LANGUAGE' => 'ru-RU,ru;q=0.8,en-US;q=0.5,en;q=0.3'
    'HTTP_ACCEPT' => 'text/html,application/xhtml+xml,application/xml;q=0.9,*/*;q=0.8'
    'HTTP_USER_AGENT' => 'Mozilla/5.0 (Windows NT 6.1; Win64; x64; rv:61.0) Gecko/20100101 Firefox/61.0'
    'HTTP_HOST' => 'y2aa-frontend.test'
    'SCRIPT_FILENAME' => '/app/frontend/web/index.php'
    'REDIRECT_STATUS' => '200'
    'SERVER_NAME' => 'y2aa-frontend.test'
    'SERVER_PORT' => '80'
    'SERVER_ADDR' => '192.168.83.137'
    'REMOTE_PORT' => '2455'
    'REMOTE_ADDR' => '192.168.83.1'
    'SERVER_SOFTWARE' => 'nginx/1.10.3'
    'GATEWAY_INTERFACE' => 'CGI/1.1'
    'REQUEST_SCHEME' => 'http'
    'SERVER_PROTOCOL' => 'HTTP/1.1'
    'DOCUMENT_ROOT' => '/app/frontend/web'
    'DOCUMENT_URI' => '/index.php'
    'REQUEST_URI' => '/'
    'SCRIPT_NAME' => '/index.php'
    'CONTENT_LENGTH' => ''
    'CONTENT_TYPE' => ''
    'REQUEST_METHOD' => 'GET'
    'QUERY_STRING' => ''
    'FCGI_ROLE' => 'RESPONDER'
    'PHP_SELF' => '/index.php'
    'REQUEST_TIME_FLOAT' => 1535525075.5723
    'REQUEST_TIME' => 1535525075
]
2018-08-29 06:45:35 [192.168.83.1][-][-][error][Error] Error: Call to undefined method common\modules\chat\widgets\Chat::vidget() in /app/frontend/views/site/index.php:8
Stack trace:
#0 /app/vendor/yiisoft/yii2/base/View.php(348): require()
#1 /app/vendor/yiisoft/yii2/base/View.php(257): yii\base\View->renderPhpFile('/app/frontend/v...', Array)
#2 /app/vendor/yiisoft/yii2/base/View.php(156): yii\base\View->renderFile('/app/frontend/v...', Array, Object(frontend\controllers\SiteController))
#3 /app/vendor/yiisoft/yii2/base/Controller.php(384): yii\base\View->render('index', Array, Object(frontend\controllers\SiteController))
#4 /app/frontend/controllers/SiteController.php(75): yii\base\Controller->render('index')
#5 [internal function]: frontend\controllers\SiteController->actionIndex()
#6 /app/vendor/yiisoft/yii2/base/InlineAction.php(57): call_user_func_array(Array, Array)
#7 /app/vendor/yiisoft/yii2/base/Controller.php(157): yii\base\InlineAction->runWithParams(Array)
#8 /app/vendor/yiisoft/yii2/base/Module.php(528): yii\base\Controller->runAction('', Array)
#9 /app/vendor/yiisoft/yii2/web/Application.php(103): yii\base\Module->runAction('', Array)
#10 /app/vendor/yiisoft/yii2/base/Application.php(386): yii\web\Application->handleRequest(Object(yii\web\Request))
#11 /app/frontend/web/index.php(17): yii\base\Application->run()
#12 {main}
2018-08-29 06:45:35 [192.168.83.1][-][-][info][application] $_GET = []

$_POST = []

$_FILES = []

$_COOKIE = [
    '_csrf-frontend' => 'dfc33bd9bf106926ae0fc619d7bc5599d76fcc2d230c42d17e2716d75610d87da:2:{i:0;s:14:\"_csrf-frontend\";i:1;s:32:\"uqFPCXgYapNw5Haw0-hwZ48NqcKZCzls\";}'
]

$_SERVER = [
    'USER' => 'vagrant'
    'HOME' => '/home/vagrant'
    'HTTP_CACHE_CONTROL' => 'max-age=0'
    'HTTP_UPGRADE_INSECURE_REQUESTS' => '1'
    'HTTP_CONNECTION' => 'keep-alive'
    'HTTP_DNT' => '1'
    'HTTP_COOKIE' => '_csrf-frontend=dfc33bd9bf106926ae0fc619d7bc5599d76fcc2d230c42d17e2716d75610d87da%3A2%3A%7Bi%3A0%3Bs%3A14%3A%22_csrf-frontend%22%3Bi%3A1%3Bs%3A32%3A%22uqFPCXgYapNw5Haw0-hwZ48NqcKZCzls%22%3B%7D'
    'HTTP_ACCEPT_ENCODING' => 'gzip, deflate'
    'HTTP_ACCEPT_LANGUAGE' => 'ru-RU,ru;q=0.8,en-US;q=0.5,en;q=0.3'
    'HTTP_ACCEPT' => 'text/html,application/xhtml+xml,application/xml;q=0.9,*/*;q=0.8'
    'HTTP_USER_AGENT' => 'Mozilla/5.0 (Windows NT 6.1; Win64; x64; rv:61.0) Gecko/20100101 Firefox/61.0'
    'HTTP_HOST' => 'y2aa-frontend.test'
    'SCRIPT_FILENAME' => '/app/frontend/web/index.php'
    'REDIRECT_STATUS' => '200'
    'SERVER_NAME' => 'y2aa-frontend.test'
    'SERVER_PORT' => '80'
    'SERVER_ADDR' => '192.168.83.137'
    'REMOTE_PORT' => '2461'
    'REMOTE_ADDR' => '192.168.83.1'
    'SERVER_SOFTWARE' => 'nginx/1.10.3'
    'GATEWAY_INTERFACE' => 'CGI/1.1'
    'REQUEST_SCHEME' => 'http'
    'SERVER_PROTOCOL' => 'HTTP/1.1'
    'DOCUMENT_ROOT' => '/app/frontend/web'
    'DOCUMENT_URI' => '/index.php'
    'REQUEST_URI' => '/'
    'SCRIPT_NAME' => '/index.php'
    'CONTENT_LENGTH' => ''
    'CONTENT_TYPE' => ''
    'REQUEST_METHOD' => 'GET'
    'QUERY_STRING' => ''
    'FCGI_ROLE' => 'RESPONDER'
    'PHP_SELF' => '/index.php'
    'REQUEST_TIME_FLOAT' => 1535525135.0442
    'REQUEST_TIME' => 1535525135
]
2018-08-29 06:46:17 [192.168.83.1][-][-][error][Error] Error: Call to undefined method common\modules\chat\widgets\Chat::vidget() in /app/frontend/views/site/index.php:8
Stack trace:
#0 /app/vendor/yiisoft/yii2/base/View.php(348): require()
#1 /app/vendor/yiisoft/yii2/base/View.php(257): yii\base\View->renderPhpFile('/app/frontend/v...', Array)
#2 /app/vendor/yiisoft/yii2/base/View.php(156): yii\base\View->renderFile('/app/frontend/v...', Array, Object(frontend\controllers\SiteController))
#3 /app/vendor/yiisoft/yii2/base/Controller.php(384): yii\base\View->render('index', Array, Object(frontend\controllers\SiteController))
#4 /app/frontend/controllers/SiteController.php(75): yii\base\Controller->render('index')
#5 [internal function]: frontend\controllers\SiteController->actionIndex()
#6 /app/vendor/yiisoft/yii2/base/InlineAction.php(57): call_user_func_array(Array, Array)
#7 /app/vendor/yiisoft/yii2/base/Controller.php(157): yii\base\InlineAction->runWithParams(Array)
#8 /app/vendor/yiisoft/yii2/base/Module.php(528): yii\base\Controller->runAction('', Array)
#9 /app/vendor/yiisoft/yii2/web/Application.php(103): yii\base\Module->runAction('', Array)
#10 /app/vendor/yiisoft/yii2/base/Application.php(386): yii\web\Application->handleRequest(Object(yii\web\Request))
#11 /app/frontend/web/index.php(17): yii\base\Application->run()
#12 {main}
2018-08-29 06:46:16 [192.168.83.1][-][-][info][application] $_GET = []

$_POST = []

$_FILES = []

$_COOKIE = [
    '_csrf-frontend' => 'dfc33bd9bf106926ae0fc619d7bc5599d76fcc2d230c42d17e2716d75610d87da:2:{i:0;s:14:\"_csrf-frontend\";i:1;s:32:\"uqFPCXgYapNw5Haw0-hwZ48NqcKZCzls\";}'
]

$_SERVER = [
    'USER' => 'vagrant'
    'HOME' => '/home/vagrant'
    'HTTP_CACHE_CONTROL' => 'max-age=0'
    'HTTP_UPGRADE_INSECURE_REQUESTS' => '1'
    'HTTP_CONNECTION' => 'keep-alive'
    'HTTP_DNT' => '1'
    'HTTP_COOKIE' => '_csrf-frontend=dfc33bd9bf106926ae0fc619d7bc5599d76fcc2d230c42d17e2716d75610d87da%3A2%3A%7Bi%3A0%3Bs%3A14%3A%22_csrf-frontend%22%3Bi%3A1%3Bs%3A32%3A%22uqFPCXgYapNw5Haw0-hwZ48NqcKZCzls%22%3B%7D'
    'HTTP_ACCEPT_ENCODING' => 'gzip, deflate'
    'HTTP_ACCEPT_LANGUAGE' => 'ru-RU,ru;q=0.8,en-US;q=0.5,en;q=0.3'
    'HTTP_ACCEPT' => 'text/html,application/xhtml+xml,application/xml;q=0.9,*/*;q=0.8'
    'HTTP_USER_AGENT' => 'Mozilla/5.0 (Windows NT 6.1; Win64; x64; rv:61.0) Gecko/20100101 Firefox/61.0'
    'HTTP_HOST' => 'y2aa-frontend.test'
    'SCRIPT_FILENAME' => '/app/frontend/web/index.php'
    'REDIRECT_STATUS' => '200'
    'SERVER_NAME' => 'y2aa-frontend.test'
    'SERVER_PORT' => '80'
    'SERVER_ADDR' => '192.168.83.137'
    'REMOTE_PORT' => '2466'
    'REMOTE_ADDR' => '192.168.83.1'
    'SERVER_SOFTWARE' => 'nginx/1.10.3'
    'GATEWAY_INTERFACE' => 'CGI/1.1'
    'REQUEST_SCHEME' => 'http'
    'SERVER_PROTOCOL' => 'HTTP/1.1'
    'DOCUMENT_ROOT' => '/app/frontend/web'
    'DOCUMENT_URI' => '/index.php'
    'REQUEST_URI' => '/'
    'SCRIPT_NAME' => '/index.php'
    'CONTENT_LENGTH' => ''
    'CONTENT_TYPE' => ''
    'REQUEST_METHOD' => 'GET'
    'QUERY_STRING' => ''
    'FCGI_ROLE' => 'RESPONDER'
    'PHP_SELF' => '/index.php'
    'REQUEST_TIME_FLOAT' => 1535525176.6301
    'REQUEST_TIME' => 1535525176
]
2018-08-29 06:46:20 [192.168.83.1][-][-][error][Error] Error: Call to undefined method common\modules\chat\widgets\Chat::vidget() in /app/frontend/views/site/index.php:8
Stack trace:
#0 /app/vendor/yiisoft/yii2/base/View.php(348): require()
#1 /app/vendor/yiisoft/yii2/base/View.php(257): yii\base\View->renderPhpFile('/app/frontend/v...', Array)
#2 /app/vendor/yiisoft/yii2/base/View.php(156): yii\base\View->renderFile('/app/frontend/v...', Array, Object(frontend\controllers\SiteController))
#3 /app/vendor/yiisoft/yii2/base/Controller.php(384): yii\base\View->render('index', Array, Object(frontend\controllers\SiteController))
#4 /app/frontend/controllers/SiteController.php(75): yii\base\Controller->render('index')
#5 [internal function]: frontend\controllers\SiteController->actionIndex()
#6 /app/vendor/yiisoft/yii2/base/InlineAction.php(57): call_user_func_array(Array, Array)
#7 /app/vendor/yiisoft/yii2/base/Controller.php(157): yii\base\InlineAction->runWithParams(Array)
#8 /app/vendor/yiisoft/yii2/base/Module.php(528): yii\base\Controller->runAction('', Array)
#9 /app/vendor/yiisoft/yii2/web/Application.php(103): yii\base\Module->runAction('', Array)
#10 /app/vendor/yiisoft/yii2/base/Application.php(386): yii\web\Application->handleRequest(Object(yii\web\Request))
#11 /app/frontend/web/index.php(17): yii\base\Application->run()
#12 {main}
2018-08-29 06:46:20 [192.168.83.1][-][-][info][application] $_GET = []

$_POST = []

$_FILES = []

$_COOKIE = [
    '_csrf-frontend' => 'dfc33bd9bf106926ae0fc619d7bc5599d76fcc2d230c42d17e2716d75610d87da:2:{i:0;s:14:\"_csrf-frontend\";i:1;s:32:\"uqFPCXgYapNw5Haw0-hwZ48NqcKZCzls\";}'
]

$_SERVER = [
    'USER' => 'vagrant'
    'HOME' => '/home/vagrant'
    'HTTP_UPGRADE_INSECURE_REQUESTS' => '1'
    'HTTP_CONNECTION' => 'keep-alive'
    'HTTP_DNT' => '1'
    'HTTP_COOKIE' => '_csrf-frontend=dfc33bd9bf106926ae0fc619d7bc5599d76fcc2d230c42d17e2716d75610d87da%3A2%3A%7Bi%3A0%3Bs%3A14%3A%22_csrf-frontend%22%3Bi%3A1%3Bs%3A32%3A%22uqFPCXgYapNw5Haw0-hwZ48NqcKZCzls%22%3B%7D'
    'HTTP_ACCEPT_ENCODING' => 'gzip, deflate'
    'HTTP_ACCEPT_LANGUAGE' => 'ru-RU,ru;q=0.8,en-US;q=0.5,en;q=0.3'
    'HTTP_ACCEPT' => 'text/html,application/xhtml+xml,application/xml;q=0.9,*/*;q=0.8'
    'HTTP_USER_AGENT' => 'Mozilla/5.0 (Windows NT 6.1; Win64; x64; rv:61.0) Gecko/20100101 Firefox/61.0'
    'HTTP_HOST' => 'y2aa-frontend.test'
    'SCRIPT_FILENAME' => '/app/frontend/web/index.php'
    'REDIRECT_STATUS' => '200'
    'SERVER_NAME' => 'y2aa-frontend.test'
    'SERVER_PORT' => '80'
    'SERVER_ADDR' => '192.168.83.137'
    'REMOTE_PORT' => '2466'
    'REMOTE_ADDR' => '192.168.83.1'
    'SERVER_SOFTWARE' => 'nginx/1.10.3'
    'GATEWAY_INTERFACE' => 'CGI/1.1'
    'REQUEST_SCHEME' => 'http'
    'SERVER_PROTOCOL' => 'HTTP/1.1'
    'DOCUMENT_ROOT' => '/app/frontend/web'
    'DOCUMENT_URI' => '/index.php'
    'REQUEST_URI' => '/'
    'SCRIPT_NAME' => '/index.php'
    'CONTENT_LENGTH' => ''
    'CONTENT_TYPE' => ''
    'REQUEST_METHOD' => 'GET'
    'QUERY_STRING' => ''
    'FCGI_ROLE' => 'RESPONDER'
    'PHP_SELF' => '/index.php'
    'REQUEST_TIME_FLOAT' => 1535525179.8397
    'REQUEST_TIME' => 1535525179
]
2018-08-29 08:26:10 [192.168.83.1][-][70v0g1na63g18vlfpn3unk7j23][error][yii\base\UnknownMethodException] yii\base\UnknownMethodException: Calling unknown method: yii\web\View::registrJsVar() in /app/vendor/yiisoft/yii2/base/Component.php:300
Stack trace:
#0 /app/common/modules/chat/widgets/Chat.php(21): yii\base\Component->__call('registrJsVar', Array)
#1 /app/vendor/yiisoft/yii2/base/Widget.php(140): common\modules\chat\widgets\Chat->run()
#2 /app/frontend/views/site/index.php(8): yii\base\Widget::widget()
#3 /app/vendor/yiisoft/yii2/base/View.php(348): require('/app/frontend/v...')
#4 /app/vendor/yiisoft/yii2/base/View.php(257): yii\base\View->renderPhpFile('/app/frontend/v...', Array)
#5 /app/vendor/yiisoft/yii2/base/View.php(156): yii\base\View->renderFile('/app/frontend/v...', Array, Object(frontend\controllers\SiteController))
#6 /app/vendor/yiisoft/yii2/base/Controller.php(384): yii\base\View->render('index', Array, Object(frontend\controllers\SiteController))
#7 /app/frontend/controllers/SiteController.php(75): yii\base\Controller->render('index')
#8 [internal function]: frontend\controllers\SiteController->actionIndex()
#9 /app/vendor/yiisoft/yii2/base/InlineAction.php(57): call_user_func_array(Array, Array)
#10 /app/vendor/yiisoft/yii2/base/Controller.php(157): yii\base\InlineAction->runWithParams(Array)
#11 /app/vendor/yiisoft/yii2/base/Module.php(528): yii\base\Controller->runAction('', Array)
#12 /app/vendor/yiisoft/yii2/web/Application.php(103): yii\base\Module->runAction('', Array)
#13 /app/vendor/yiisoft/yii2/base/Application.php(386): yii\web\Application->handleRequest(Object(yii\web\Request))
#14 /app/frontend/web/index.php(17): yii\base\Application->run()
#15 {main}
2018-08-29 08:26:09 [192.168.83.1][-][70v0g1na63g18vlfpn3unk7j23][info][application] $_GET = []

$_POST = []

$_FILES = []

$_COOKIE = [
    '_csrf-frontend' => 'dfc33bd9bf106926ae0fc619d7bc5599d76fcc2d230c42d17e2716d75610d87da:2:{i:0;s:14:\"_csrf-frontend\";i:1;s:32:\"uqFPCXgYapNw5Haw0-hwZ48NqcKZCzls\";}'
    'advanced-frontend' => '70v0g1na63g18vlfpn3unk7j23'
]

$_SESSION = [
    '__flash' => []
]

$_SERVER = [
    'USER' => 'vagrant'
    'HOME' => '/home/vagrant'
    'HTTP_CACHE_CONTROL' => 'max-age=0'
    'HTTP_UPGRADE_INSECURE_REQUESTS' => '1'
    'HTTP_CONNECTION' => 'keep-alive'
    'HTTP_DNT' => '1'
    'HTTP_COOKIE' => '_csrf-frontend=dfc33bd9bf106926ae0fc619d7bc5599d76fcc2d230c42d17e2716d75610d87da%3A2%3A%7Bi%3A0%3Bs%3A14%3A%22_csrf-frontend%22%3Bi%3A1%3Bs%3A32%3A%22uqFPCXgYapNw5Haw0-hwZ48NqcKZCzls%22%3B%7D; advanced-frontend=70v0g1na63g18vlfpn3unk7j23'
    'HTTP_ACCEPT_ENCODING' => 'gzip, deflate'
    'HTTP_ACCEPT_LANGUAGE' => 'ru-RU,ru;q=0.8,en-US;q=0.5,en;q=0.3'
    'HTTP_ACCEPT' => 'text/html,application/xhtml+xml,application/xml;q=0.9,*/*;q=0.8'
    'HTTP_USER_AGENT' => 'Mozilla/5.0 (Windows NT 6.1; Win64; x64; rv:61.0) Gecko/20100101 Firefox/61.0'
    'HTTP_HOST' => 'y2aa-frontend.test'
    'SCRIPT_FILENAME' => '/app/frontend/web/index.php'
    'REDIRECT_STATUS' => '200'
    'SERVER_NAME' => 'y2aa-frontend.test'
    'SERVER_PORT' => '80'
    'SERVER_ADDR' => '192.168.83.137'
    'REMOTE_PORT' => '3060'
    'REMOTE_ADDR' => '192.168.83.1'
    'SERVER_SOFTWARE' => 'nginx/1.10.3'
    'GATEWAY_INTERFACE' => 'CGI/1.1'
    'REQUEST_SCHEME' => 'http'
    'SERVER_PROTOCOL' => 'HTTP/1.1'
    'DOCUMENT_ROOT' => '/app/frontend/web'
    'DOCUMENT_URI' => '/index.php'
    'REQUEST_URI' => '/'
    'SCRIPT_NAME' => '/index.php'
    'CONTENT_LENGTH' => ''
    'CONTENT_TYPE' => ''
    'REQUEST_METHOD' => 'GET'
    'QUERY_STRING' => ''
    'FCGI_ROLE' => 'RESPONDER'
    'PHP_SELF' => '/index.php'
    'REQUEST_TIME_FLOAT' => 1535531169.511
    'REQUEST_TIME' => 1535531169
]
2018-08-29 08:26:11 [192.168.83.1][-][70v0g1na63g18vlfpn3unk7j23][error][yii\base\UnknownMethodException] yii\base\UnknownMethodException: Calling unknown method: yii\web\View::registrJsVar() in /app/vendor/yiisoft/yii2/base/Component.php:300
Stack trace:
#0 /app/common/modules/chat/widgets/Chat.php(21): yii\base\Component->__call('registrJsVar', Array)
#1 /app/vendor/yiisoft/yii2/base/Widget.php(140): common\modules\chat\widgets\Chat->run()
#2 /app/frontend/views/site/index.php(8): yii\base\Widget::widget()
#3 /app/vendor/yiisoft/yii2/base/View.php(348): require('/app/frontend/v...')
#4 /app/vendor/yiisoft/yii2/base/View.php(257): yii\base\View->renderPhpFile('/app/frontend/v...', Array)
#5 /app/vendor/yiisoft/yii2/base/View.php(156): yii\base\View->renderFile('/app/frontend/v...', Array, Object(frontend\controllers\SiteController))
#6 /app/vendor/yiisoft/yii2/base/Controller.php(384): yii\base\View->render('index', Array, Object(frontend\controllers\SiteController))
#7 /app/frontend/controllers/SiteController.php(75): yii\base\Controller->render('index')
#8 [internal function]: frontend\controllers\SiteController->actionIndex()
#9 /app/vendor/yiisoft/yii2/base/InlineAction.php(57): call_user_func_array(Array, Array)
#10 /app/vendor/yiisoft/yii2/base/Controller.php(157): yii\base\InlineAction->runWithParams(Array)
#11 /app/vendor/yiisoft/yii2/base/Module.php(528): yii\base\Controller->runAction('', Array)
#12 /app/vendor/yiisoft/yii2/web/Application.php(103): yii\base\Module->runAction('', Array)
#13 /app/vendor/yiisoft/yii2/base/Application.php(386): yii\web\Application->handleRequest(Object(yii\web\Request))
#14 /app/frontend/web/index.php(17): yii\base\Application->run()
#15 {main}
2018-08-29 08:26:10 [192.168.83.1][-][70v0g1na63g18vlfpn3unk7j23][info][application] $_GET = []

$_POST = []

$_FILES = []

$_COOKIE = [
    '_csrf-frontend' => 'dfc33bd9bf106926ae0fc619d7bc5599d76fcc2d230c42d17e2716d75610d87da:2:{i:0;s:14:\"_csrf-frontend\";i:1;s:32:\"uqFPCXgYapNw5Haw0-hwZ48NqcKZCzls\";}'
    'advanced-frontend' => '70v0g1na63g18vlfpn3unk7j23'
]

$_SESSION = [
    '__flash' => []
]

$_SERVER = [
    'USER' => 'vagrant'
    'HOME' => '/home/vagrant'
    'HTTP_CACHE_CONTROL' => 'max-age=0'
    'HTTP_UPGRADE_INSECURE_REQUESTS' => '1'
    'HTTP_CONNECTION' => 'keep-alive'
    'HTTP_DNT' => '1'
    'HTTP_COOKIE' => '_csrf-frontend=dfc33bd9bf106926ae0fc619d7bc5599d76fcc2d230c42d17e2716d75610d87da%3A2%3A%7Bi%3A0%3Bs%3A14%3A%22_csrf-frontend%22%3Bi%3A1%3Bs%3A32%3A%22uqFPCXgYapNw5Haw0-hwZ48NqcKZCzls%22%3B%7D; advanced-frontend=70v0g1na63g18vlfpn3unk7j23'
    'HTTP_ACCEPT_ENCODING' => 'gzip, deflate'
    'HTTP_ACCEPT_LANGUAGE' => 'ru-RU,ru;q=0.8,en-US;q=0.5,en;q=0.3'
    'HTTP_ACCEPT' => 'text/html,application/xhtml+xml,application/xml;q=0.9,*/*;q=0.8'
    'HTTP_USER_AGENT' => 'Mozilla/5.0 (Windows NT 6.1; Win64; x64; rv:61.0) Gecko/20100101 Firefox/61.0'
    'HTTP_HOST' => 'y2aa-frontend.test'
    'SCRIPT_FILENAME' => '/app/frontend/web/index.php'
    'REDIRECT_STATUS' => '200'
    'SERVER_NAME' => 'y2aa-frontend.test'
    'SERVER_PORT' => '80'
    'SERVER_ADDR' => '192.168.83.137'
    'REMOTE_PORT' => '3065'
    'REMOTE_ADDR' => '192.168.83.1'
    'SERVER_SOFTWARE' => 'nginx/1.10.3'
    'GATEWAY_INTERFACE' => 'CGI/1.1'
    'REQUEST_SCHEME' => 'http'
    'SERVER_PROTOCOL' => 'HTTP/1.1'
    'DOCUMENT_ROOT' => '/app/frontend/web'
    'DOCUMENT_URI' => '/index.php'
    'REQUEST_URI' => '/'
    'SCRIPT_NAME' => '/index.php'
    'CONTENT_LENGTH' => ''
    'CONTENT_TYPE' => ''
    'REQUEST_METHOD' => 'GET'
    'QUERY_STRING' => ''
    'FCGI_ROLE' => 'RESPONDER'
    'PHP_SELF' => '/index.php'
    'REQUEST_TIME_FLOAT' => 1535531170.7504
    'REQUEST_TIME' => 1535531170
]
2018-08-29 08:29:33 [192.168.83.1][-][70v0g1na63g18vlfpn3unk7j23][error][yii\base\UnknownMethodException] yii\base\UnknownMethodException: Calling unknown method: yii\web\View::registrJsVar() in /app/vendor/yiisoft/yii2/base/Component.php:300
Stack trace:
#0 /app/common/modules/chat/widgets/Chat.php(21): yii\base\Component->__call('registrJsVar', Array)
#1 /app/vendor/yiisoft/yii2/base/Widget.php(140): common\modules\chat\widgets\Chat->run()
#2 /app/frontend/views/site/index.php(8): yii\base\Widget::widget(Array)
#3 /app/vendor/yiisoft/yii2/base/View.php(348): require('/app/frontend/v...')
#4 /app/vendor/yiisoft/yii2/base/View.php(257): yii\base\View->renderPhpFile('/app/frontend/v...', Array)
#5 /app/vendor/yiisoft/yii2/base/View.php(156): yii\base\View->renderFile('/app/frontend/v...', Array, Object(frontend\controllers\SiteController))
#6 /app/vendor/yiisoft/yii2/base/Controller.php(384): yii\base\View->render('index', Array, Object(frontend\controllers\SiteController))
#7 /app/frontend/controllers/SiteController.php(75): yii\base\Controller->render('index')
#8 [internal function]: frontend\controllers\SiteController->actionIndex()
#9 /app/vendor/yiisoft/yii2/base/InlineAction.php(57): call_user_func_array(Array, Array)
#10 /app/vendor/yiisoft/yii2/base/Controller.php(157): yii\base\InlineAction->runWithParams(Array)
#11 /app/vendor/yiisoft/yii2/base/Module.php(528): yii\base\Controller->runAction('', Array)
#12 /app/vendor/yiisoft/yii2/web/Application.php(103): yii\base\Module->runAction('', Array)
#13 /app/vendor/yiisoft/yii2/base/Application.php(386): yii\web\Application->handleRequest(Object(yii\web\Request))
#14 /app/frontend/web/index.php(17): yii\base\Application->run()
#15 {main}
2018-08-29 08:29:32 [192.168.83.1][-][70v0g1na63g18vlfpn3unk7j23][info][application] $_GET = []

$_POST = []

$_FILES = []

$_COOKIE = [
    '_csrf-frontend' => 'dfc33bd9bf106926ae0fc619d7bc5599d76fcc2d230c42d17e2716d75610d87da:2:{i:0;s:14:\"_csrf-frontend\";i:1;s:32:\"uqFPCXgYapNw5Haw0-hwZ48NqcKZCzls\";}'
    'advanced-frontend' => '70v0g1na63g18vlfpn3unk7j23'
]

$_SESSION = [
    '__flash' => []
]

$_SERVER = [
    'USER' => 'vagrant'
    'HOME' => '/home/vagrant'
    'HTTP_CACHE_CONTROL' => 'max-age=0'
    'HTTP_UPGRADE_INSECURE_REQUESTS' => '1'
    'HTTP_CONNECTION' => 'keep-alive'
    'HTTP_DNT' => '1'
    'HTTP_COOKIE' => '_csrf-frontend=dfc33bd9bf106926ae0fc619d7bc5599d76fcc2d230c42d17e2716d75610d87da%3A2%3A%7Bi%3A0%3Bs%3A14%3A%22_csrf-frontend%22%3Bi%3A1%3Bs%3A32%3A%22uqFPCXgYapNw5Haw0-hwZ48NqcKZCzls%22%3B%7D; advanced-frontend=70v0g1na63g18vlfpn3unk7j23'
    'HTTP_ACCEPT_ENCODING' => 'gzip, deflate'
    'HTTP_ACCEPT_LANGUAGE' => 'ru-RU,ru;q=0.8,en-US;q=0.5,en;q=0.3'
    'HTTP_ACCEPT' => 'text/html,application/xhtml+xml,application/xml;q=0.9,*/*;q=0.8'
    'HTTP_USER_AGENT' => 'Mozilla/5.0 (Windows NT 6.1; Win64; x64; rv:61.0) Gecko/20100101 Firefox/61.0'
    'HTTP_HOST' => 'y2aa-frontend.test'
    'SCRIPT_FILENAME' => '/app/frontend/web/index.php'
    'REDIRECT_STATUS' => '200'
    'SERVER_NAME' => 'y2aa-frontend.test'
    'SERVER_PORT' => '80'
    'SERVER_ADDR' => '192.168.83.137'
    'REMOTE_PORT' => '3080'
    'REMOTE_ADDR' => '192.168.83.1'
    'SERVER_SOFTWARE' => 'nginx/1.10.3'
    'GATEWAY_INTERFACE' => 'CGI/1.1'
    'REQUEST_SCHEME' => 'http'
    'SERVER_PROTOCOL' => 'HTTP/1.1'
    'DOCUMENT_ROOT' => '/app/frontend/web'
    'DOCUMENT_URI' => '/index.php'
    'REQUEST_URI' => '/'
    'SCRIPT_NAME' => '/index.php'
    'CONTENT_LENGTH' => ''
    'CONTENT_TYPE' => ''
    'REQUEST_METHOD' => 'GET'
    'QUERY_STRING' => ''
    'FCGI_ROLE' => 'RESPONDER'
    'PHP_SELF' => '/index.php'
    'REQUEST_TIME_FLOAT' => 1535531372.587
    'REQUEST_TIME' => 1535531372
]
2018-08-29 08:30:51 [192.168.83.1][-][70v0g1na63g18vlfpn3unk7j23][error][yii\base\UnknownMethodException] yii\base\UnknownMethodException: Calling unknown method: yii\web\View::registrJsVar() in /app/vendor/yiisoft/yii2/base/Component.php:300
Stack trace:
#0 /app/common/modules/chat/widgets/Chat.php(21): yii\base\Component->__call('registrJsVar', Array)
#1 /app/vendor/yiisoft/yii2/base/Widget.php(140): common\modules\chat\widgets\Chat->run()
#2 /app/frontend/views/site/index.php(8): yii\base\Widget::widget(Array)
#3 /app/vendor/yiisoft/yii2/base/View.php(348): require('/app/frontend/v...')
#4 /app/vendor/yiisoft/yii2/base/View.php(257): yii\base\View->renderPhpFile('/app/frontend/v...', Array)
#5 /app/vendor/yiisoft/yii2/base/View.php(156): yii\base\View->renderFile('/app/frontend/v...', Array, Object(frontend\controllers\SiteController))
#6 /app/vendor/yiisoft/yii2/base/Controller.php(384): yii\base\View->render('index', Array, Object(frontend\controllers\SiteController))
#7 /app/frontend/controllers/SiteController.php(75): yii\base\Controller->render('index')
#8 [internal function]: frontend\controllers\SiteController->actionIndex()
#9 /app/vendor/yiisoft/yii2/base/InlineAction.php(57): call_user_func_array(Array, Array)
#10 /app/vendor/yiisoft/yii2/base/Controller.php(157): yii\base\InlineAction->runWithParams(Array)
#11 /app/vendor/yiisoft/yii2/base/Module.php(528): yii\base\Controller->runAction('', Array)
#12 /app/vendor/yiisoft/yii2/web/Application.php(103): yii\base\Module->runAction('', Array)
#13 /app/vendor/yiisoft/yii2/base/Application.php(386): yii\web\Application->handleRequest(Object(yii\web\Request))
#14 /app/frontend/web/index.php(17): yii\base\Application->run()
#15 {main}
2018-08-29 08:30:51 [192.168.83.1][-][70v0g1na63g18vlfpn3unk7j23][info][application] $_GET = []

$_POST = []

$_FILES = []

$_COOKIE = [
    '_csrf-frontend' => 'dfc33bd9bf106926ae0fc619d7bc5599d76fcc2d230c42d17e2716d75610d87da:2:{i:0;s:14:\"_csrf-frontend\";i:1;s:32:\"uqFPCXgYapNw5Haw0-hwZ48NqcKZCzls\";}'
    'advanced-frontend' => '70v0g1na63g18vlfpn3unk7j23'
]

$_SESSION = [
    '__flash' => []
]

$_SERVER = [
    'USER' => 'vagrant'
    'HOME' => '/home/vagrant'
    'HTTP_UPGRADE_INSECURE_REQUESTS' => '1'
    'HTTP_CONNECTION' => 'keep-alive'
    'HTTP_DNT' => '1'
    'HTTP_COOKIE' => '_csrf-frontend=dfc33bd9bf106926ae0fc619d7bc5599d76fcc2d230c42d17e2716d75610d87da%3A2%3A%7Bi%3A0%3Bs%3A14%3A%22_csrf-frontend%22%3Bi%3A1%3Bs%3A32%3A%22uqFPCXgYapNw5Haw0-hwZ48NqcKZCzls%22%3B%7D; advanced-frontend=70v0g1na63g18vlfpn3unk7j23'
    'HTTP_ACCEPT_ENCODING' => 'gzip, deflate'
    'HTTP_ACCEPT_LANGUAGE' => 'ru-RU,ru;q=0.8,en-US;q=0.5,en;q=0.3'
    'HTTP_ACCEPT' => 'text/html,application/xhtml+xml,application/xml;q=0.9,*/*;q=0.8'
    'HTTP_USER_AGENT' => 'Mozilla/5.0 (Windows NT 6.1; Win64; x64; rv:61.0) Gecko/20100101 Firefox/61.0'
    'HTTP_HOST' => 'y2aa-frontend.test'
    'SCRIPT_FILENAME' => '/app/frontend/web/index.php'
    'REDIRECT_STATUS' => '200'
    'SERVER_NAME' => 'y2aa-frontend.test'
    'SERVER_PORT' => '80'
    'SERVER_ADDR' => '192.168.83.137'
    'REMOTE_PORT' => '3088'
    'REMOTE_ADDR' => '192.168.83.1'
    'SERVER_SOFTWARE' => 'nginx/1.10.3'
    'GATEWAY_INTERFACE' => 'CGI/1.1'
    'REQUEST_SCHEME' => 'http'
    'SERVER_PROTOCOL' => 'HTTP/1.1'
    'DOCUMENT_ROOT' => '/app/frontend/web'
    'DOCUMENT_URI' => '/index.php'
    'REQUEST_URI' => '/'
    'SCRIPT_NAME' => '/index.php'
    'CONTENT_LENGTH' => ''
    'CONTENT_TYPE' => ''
    'REQUEST_METHOD' => 'GET'
    'QUERY_STRING' => ''
    'FCGI_ROLE' => 'RESPONDER'
    'PHP_SELF' => '/index.php'
    'REQUEST_TIME_FLOAT' => 1535531451.251
    'REQUEST_TIME' => 1535531451
]
2018-08-29 08:31:16 [192.168.83.1][-][70v0g1na63g18vlfpn3unk7j23][error][yii\base\UnknownPropertyException] yii\base\UnknownPropertyException: Setting unknown property: common\modules\chat\widgets\Chat::$port in /app/vendor/yiisoft/yii2/base/Component.php:209
Stack trace:
#0 /app/vendor/yiisoft/yii2/BaseYii.php(546): yii\base\Component->__set('$port', 8081)
#1 /app/vendor/yiisoft/yii2/base/BaseObject.php(107): yii\BaseYii::configure(Object(common\modules\chat\widgets\Chat), Array)
#2 [internal function]: yii\base\BaseObject->__construct(Array)
#3 /app/vendor/yiisoft/yii2/di/Container.php(383): ReflectionClass->newInstanceArgs(Array)
#4 /app/vendor/yiisoft/yii2/di/Container.php(156): yii\di\Container->build('common\\modules\\...', Array, Array)
#5 /app/vendor/yiisoft/yii2/BaseYii.php(349): yii\di\Container->get('common\\modules\\...', Array, Array)
#6 /app/vendor/yiisoft/yii2/base/Widget.php(137): yii\BaseYii::createObject(Array)
#7 /app/frontend/views/site/index.php(8): yii\base\Widget::widget(Array)
#8 /app/vendor/yiisoft/yii2/base/View.php(348): require('/app/frontend/v...')
#9 /app/vendor/yiisoft/yii2/base/View.php(257): yii\base\View->renderPhpFile('/app/frontend/v...', Array)
#10 /app/vendor/yiisoft/yii2/base/View.php(156): yii\base\View->renderFile('/app/frontend/v...', Array, Object(frontend\controllers\SiteController))
#11 /app/vendor/yiisoft/yii2/base/Controller.php(384): yii\base\View->render('index', Array, Object(frontend\controllers\SiteController))
#12 /app/frontend/controllers/SiteController.php(75): yii\base\Controller->render('index')
#13 [internal function]: frontend\controllers\SiteController->actionIndex()
#14 /app/vendor/yiisoft/yii2/base/InlineAction.php(57): call_user_func_array(Array, Array)
#15 /app/vendor/yiisoft/yii2/base/Controller.php(157): yii\base\InlineAction->runWithParams(Array)
#16 /app/vendor/yiisoft/yii2/base/Module.php(528): yii\base\Controller->runAction('', Array)
#17 /app/vendor/yiisoft/yii2/web/Application.php(103): yii\base\Module->runAction('', Array)
#18 /app/vendor/yiisoft/yii2/base/Application.php(386): yii\web\Application->handleRequest(Object(yii\web\Request))
#19 /app/frontend/web/index.php(17): yii\base\Application->run()
#20 {main}
2018-08-29 08:31:16 [192.168.83.1][-][70v0g1na63g18vlfpn3unk7j23][info][application] $_GET = []

$_POST = []

$_FILES = []

$_COOKIE = [
    '_csrf-frontend' => 'dfc33bd9bf106926ae0fc619d7bc5599d76fcc2d230c42d17e2716d75610d87da:2:{i:0;s:14:\"_csrf-frontend\";i:1;s:32:\"uqFPCXgYapNw5Haw0-hwZ48NqcKZCzls\";}'
    'advanced-frontend' => '70v0g1na63g18vlfpn3unk7j23'
]

$_SESSION = [
    '__flash' => []
]

$_SERVER = [
    'USER' => 'vagrant'
    'HOME' => '/home/vagrant'
    'HTTP_CACHE_CONTROL' => 'max-age=0'
    'HTTP_UPGRADE_INSECURE_REQUESTS' => '1'
    'HTTP_CONNECTION' => 'keep-alive'
    'HTTP_DNT' => '1'
    'HTTP_COOKIE' => '_csrf-frontend=dfc33bd9bf106926ae0fc619d7bc5599d76fcc2d230c42d17e2716d75610d87da%3A2%3A%7Bi%3A0%3Bs%3A14%3A%22_csrf-frontend%22%3Bi%3A1%3Bs%3A32%3A%22uqFPCXgYapNw5Haw0-hwZ48NqcKZCzls%22%3B%7D; advanced-frontend=70v0g1na63g18vlfpn3unk7j23'
    'HTTP_ACCEPT_ENCODING' => 'gzip, deflate'
    'HTTP_ACCEPT_LANGUAGE' => 'ru-RU,ru;q=0.8,en-US;q=0.5,en;q=0.3'
    'HTTP_ACCEPT' => 'text/html,application/xhtml+xml,application/xml;q=0.9,*/*;q=0.8'
    'HTTP_USER_AGENT' => 'Mozilla/5.0 (Windows NT 6.1; Win64; x64; rv:61.0) Gecko/20100101 Firefox/61.0'
    'HTTP_HOST' => 'y2aa-frontend.test'
    'SCRIPT_FILENAME' => '/app/frontend/web/index.php'
    'REDIRECT_STATUS' => '200'
    'SERVER_NAME' => 'y2aa-frontend.test'
    'SERVER_PORT' => '80'
    'SERVER_ADDR' => '192.168.83.137'
    'REMOTE_PORT' => '3091'
    'REMOTE_ADDR' => '192.168.83.1'
    'SERVER_SOFTWARE' => 'nginx/1.10.3'
    'GATEWAY_INTERFACE' => 'CGI/1.1'
    'REQUEST_SCHEME' => 'http'
    'SERVER_PROTOCOL' => 'HTTP/1.1'
    'DOCUMENT_ROOT' => '/app/frontend/web'
    'DOCUMENT_URI' => '/index.php'
    'REQUEST_URI' => '/'
    'SCRIPT_NAME' => '/index.php'
    'CONTENT_LENGTH' => ''
    'CONTENT_TYPE' => ''
    'REQUEST_METHOD' => 'GET'
    'QUERY_STRING' => ''
    'FCGI_ROLE' => 'RESPONDER'
    'PHP_SELF' => '/index.php'
    'REQUEST_TIME_FLOAT' => 1535531476.0268
    'REQUEST_TIME' => 1535531476
]
2018-08-29 08:31:53 [192.168.83.1][-][70v0g1na63g18vlfpn3unk7j23][error][yii\base\UnknownMethodException] yii\base\UnknownMethodException: Calling unknown method: yii\web\View::registrJsVar() in /app/vendor/yiisoft/yii2/base/Component.php:300
Stack trace:
#0 /app/common/modules/chat/widgets/Chat.php(21): yii\base\Component->__call('registrJsVar', Array)
#1 /app/vendor/yiisoft/yii2/base/Widget.php(140): common\modules\chat\widgets\Chat->run()
#2 /app/frontend/views/site/index.php(8): yii\base\Widget::widget(Array)
#3 /app/vendor/yiisoft/yii2/base/View.php(348): require('/app/frontend/v...')
#4 /app/vendor/yiisoft/yii2/base/View.php(257): yii\base\View->renderPhpFile('/app/frontend/v...', Array)
#5 /app/vendor/yiisoft/yii2/base/View.php(156): yii\base\View->renderFile('/app/frontend/v...', Array, Object(frontend\controllers\SiteController))
#6 /app/vendor/yiisoft/yii2/base/Controller.php(384): yii\base\View->render('index', Array, Object(frontend\controllers\SiteController))
#7 /app/frontend/controllers/SiteController.php(75): yii\base\Controller->render('index')
#8 [internal function]: frontend\controllers\SiteController->actionIndex()
#9 /app/vendor/yiisoft/yii2/base/InlineAction.php(57): call_user_func_array(Array, Array)
#10 /app/vendor/yiisoft/yii2/base/Controller.php(157): yii\base\InlineAction->runWithParams(Array)
#11 /app/vendor/yiisoft/yii2/base/Module.php(528): yii\base\Controller->runAction('', Array)
#12 /app/vendor/yiisoft/yii2/web/Application.php(103): yii\base\Module->runAction('', Array)
#13 /app/vendor/yiisoft/yii2/base/Application.php(386): yii\web\Application->handleRequest(Object(yii\web\Request))
#14 /app/frontend/web/index.php(17): yii\base\Application->run()
#15 {main}
2018-08-29 08:31:53 [192.168.83.1][-][70v0g1na63g18vlfpn3unk7j23][info][application] $_GET = []

$_POST = []

$_FILES = []

$_COOKIE = [
    '_csrf-frontend' => 'dfc33bd9bf106926ae0fc619d7bc5599d76fcc2d230c42d17e2716d75610d87da:2:{i:0;s:14:\"_csrf-frontend\";i:1;s:32:\"uqFPCXgYapNw5Haw0-hwZ48NqcKZCzls\";}'
    'advanced-frontend' => '70v0g1na63g18vlfpn3unk7j23'
]

$_SESSION = [
    '__flash' => []
]

$_SERVER = [
    'USER' => 'vagrant'
    'HOME' => '/home/vagrant'
    'HTTP_CACHE_CONTROL' => 'max-age=0'
    'HTTP_UPGRADE_INSECURE_REQUESTS' => '1'
    'HTTP_CONNECTION' => 'keep-alive'
    'HTTP_DNT' => '1'
    'HTTP_COOKIE' => '_csrf-frontend=dfc33bd9bf106926ae0fc619d7bc5599d76fcc2d230c42d17e2716d75610d87da%3A2%3A%7Bi%3A0%3Bs%3A14%3A%22_csrf-frontend%22%3Bi%3A1%3Bs%3A32%3A%22uqFPCXgYapNw5Haw0-hwZ48NqcKZCzls%22%3B%7D; advanced-frontend=70v0g1na63g18vlfpn3unk7j23'
    'HTTP_ACCEPT_ENCODING' => 'gzip, deflate'
    'HTTP_ACCEPT_LANGUAGE' => 'ru-RU,ru;q=0.8,en-US;q=0.5,en;q=0.3'
    'HTTP_ACCEPT' => 'text/html,application/xhtml+xml,application/xml;q=0.9,*/*;q=0.8'
    'HTTP_USER_AGENT' => 'Mozilla/5.0 (Windows NT 6.1; Win64; x64; rv:61.0) Gecko/20100101 Firefox/61.0'
    'HTTP_HOST' => 'y2aa-frontend.test'
    'SCRIPT_FILENAME' => '/app/frontend/web/index.php'
    'REDIRECT_STATUS' => '200'
    'SERVER_NAME' => 'y2aa-frontend.test'
    'SERVER_PORT' => '80'
    'SERVER_ADDR' => '192.168.83.137'
    'REMOTE_PORT' => '3096'
    'REMOTE_ADDR' => '192.168.83.1'
    'SERVER_SOFTWARE' => 'nginx/1.10.3'
    'GATEWAY_INTERFACE' => 'CGI/1.1'
    'REQUEST_SCHEME' => 'http'
    'SERVER_PROTOCOL' => 'HTTP/1.1'
    'DOCUMENT_ROOT' => '/app/frontend/web'
    'DOCUMENT_URI' => '/index.php'
    'REQUEST_URI' => '/'
    'SCRIPT_NAME' => '/index.php'
    'CONTENT_LENGTH' => ''
    'CONTENT_TYPE' => ''
    'REQUEST_METHOD' => 'GET'
    'QUERY_STRING' => ''
    'FCGI_ROLE' => 'RESPONDER'
    'PHP_SELF' => '/index.php'
    'REQUEST_TIME_FLOAT' => 1535531513.1759
    'REQUEST_TIME' => 1535531513
]
2018-08-29 08:38:36 [192.168.83.1][-][70v0g1na63g18vlfpn3unk7j23][error][yii\base\UnknownMethodException] yii\base\UnknownMethodException: Calling unknown method: common\modules\chat\widgets\Chat::registerJsVar() in /app/vendor/yiisoft/yii2/base/Component.php:300
Stack trace:
#0 /app/common/modules/chat/widgets/Chat.php(21): yii\base\Component->__call('registerJsVar', Array)
#1 /app/vendor/yiisoft/yii2/base/Widget.php(140): common\modules\chat\widgets\Chat->run()
#2 /app/frontend/views/site/index.php(8): yii\base\Widget::widget(Array)
#3 /app/vendor/yiisoft/yii2/base/View.php(348): require('/app/frontend/v...')
#4 /app/vendor/yiisoft/yii2/base/View.php(257): yii\base\View->renderPhpFile('/app/frontend/v...', Array)
#5 /app/vendor/yiisoft/yii2/base/View.php(156): yii\base\View->renderFile('/app/frontend/v...', Array, Object(frontend\controllers\SiteController))
#6 /app/vendor/yiisoft/yii2/base/Controller.php(384): yii\base\View->render('index', Array, Object(frontend\controllers\SiteController))
#7 /app/frontend/controllers/SiteController.php(75): yii\base\Controller->render('index')
#8 [internal function]: frontend\controllers\SiteController->actionIndex()
#9 /app/vendor/yiisoft/yii2/base/InlineAction.php(57): call_user_func_array(Array, Array)
#10 /app/vendor/yiisoft/yii2/base/Controller.php(157): yii\base\InlineAction->runWithParams(Array)
#11 /app/vendor/yiisoft/yii2/base/Module.php(528): yii\base\Controller->runAction('', Array)
#12 /app/vendor/yiisoft/yii2/web/Application.php(103): yii\base\Module->runAction('', Array)
#13 /app/vendor/yiisoft/yii2/base/Application.php(386): yii\web\Application->handleRequest(Object(yii\web\Request))
#14 /app/frontend/web/index.php(17): yii\base\Application->run()
#15 {main}
2018-08-29 08:38:36 [192.168.83.1][-][70v0g1na63g18vlfpn3unk7j23][info][application] $_GET = []

$_POST = []

$_FILES = []

$_COOKIE = [
    '_csrf-frontend' => 'dfc33bd9bf106926ae0fc619d7bc5599d76fcc2d230c42d17e2716d75610d87da:2:{i:0;s:14:\"_csrf-frontend\";i:1;s:32:\"uqFPCXgYapNw5Haw0-hwZ48NqcKZCzls\";}'
    'advanced-frontend' => '70v0g1na63g18vlfpn3unk7j23'
]

$_SESSION = [
    '__flash' => []
]

$_SERVER = [
    'USER' => 'vagrant'
    'HOME' => '/home/vagrant'
    'HTTP_CACHE_CONTROL' => 'max-age=0'
    'HTTP_UPGRADE_INSECURE_REQUESTS' => '1'
    'HTTP_CONNECTION' => 'keep-alive'
    'HTTP_DNT' => '1'
    'HTTP_COOKIE' => '_csrf-frontend=dfc33bd9bf106926ae0fc619d7bc5599d76fcc2d230c42d17e2716d75610d87da%3A2%3A%7Bi%3A0%3Bs%3A14%3A%22_csrf-frontend%22%3Bi%3A1%3Bs%3A32%3A%22uqFPCXgYapNw5Haw0-hwZ48NqcKZCzls%22%3B%7D; advanced-frontend=70v0g1na63g18vlfpn3unk7j23'
    'HTTP_ACCEPT_ENCODING' => 'gzip, deflate'
    'HTTP_ACCEPT_LANGUAGE' => 'ru-RU,ru;q=0.8,en-US;q=0.5,en;q=0.3'
    'HTTP_ACCEPT' => 'text/html,application/xhtml+xml,application/xml;q=0.9,*/*;q=0.8'
    'HTTP_USER_AGENT' => 'Mozilla/5.0 (Windows NT 6.1; Win64; x64; rv:61.0) Gecko/20100101 Firefox/61.0'
    'HTTP_HOST' => 'y2aa-frontend.test'
    'SCRIPT_FILENAME' => '/app/frontend/web/index.php'
    'REDIRECT_STATUS' => '200'
    'SERVER_NAME' => 'y2aa-frontend.test'
    'SERVER_PORT' => '80'
    'SERVER_ADDR' => '192.168.83.137'
    'REMOTE_PORT' => '3325'
    'REMOTE_ADDR' => '192.168.83.1'
    'SERVER_SOFTWARE' => 'nginx/1.10.3'
    'GATEWAY_INTERFACE' => 'CGI/1.1'
    'REQUEST_SCHEME' => 'http'
    'SERVER_PROTOCOL' => 'HTTP/1.1'
    'DOCUMENT_ROOT' => '/app/frontend/web'
    'DOCUMENT_URI' => '/index.php'
    'REQUEST_URI' => '/'
    'SCRIPT_NAME' => '/index.php'
    'CONTENT_LENGTH' => ''
    'CONTENT_TYPE' => ''
    'REQUEST_METHOD' => 'GET'
    'QUERY_STRING' => ''
    'FCGI_ROLE' => 'RESPONDER'
    'PHP_SELF' => '/index.php'
    'REQUEST_TIME_FLOAT' => 1535531916.1447
    'REQUEST_TIME' => 1535531916
]
2018-08-29 08:38:46 [192.168.83.1][-][70v0g1na63g18vlfpn3unk7j23][error][yii\base\UnknownMethodException] yii\base\UnknownMethodException: Calling unknown method: common\modules\chat\widgets\Chat::registerJsVar() in /app/vendor/yiisoft/yii2/base/Component.php:300
Stack trace:
#0 /app/common/modules/chat/widgets/Chat.php(21): yii\base\Component->__call('registerJsVar', Array)
#1 /app/vendor/yiisoft/yii2/base/Widget.php(140): common\modules\chat\widgets\Chat->run()
#2 /app/frontend/views/site/index.php(8): yii\base\Widget::widget(Array)
#3 /app/vendor/yiisoft/yii2/base/View.php(348): require('/app/frontend/v...')
#4 /app/vendor/yiisoft/yii2/base/View.php(257): yii\base\View->renderPhpFile('/app/frontend/v...', Array)
#5 /app/vendor/yiisoft/yii2/base/View.php(156): yii\base\View->renderFile('/app/frontend/v...', Array, Object(frontend\controllers\SiteController))
#6 /app/vendor/yiisoft/yii2/base/Controller.php(384): yii\base\View->render('index', Array, Object(frontend\controllers\SiteController))
#7 /app/frontend/controllers/SiteController.php(75): yii\base\Controller->render('index')
#8 [internal function]: frontend\controllers\SiteController->actionIndex()
#9 /app/vendor/yiisoft/yii2/base/InlineAction.php(57): call_user_func_array(Array, Array)
#10 /app/vendor/yiisoft/yii2/base/Controller.php(157): yii\base\InlineAction->runWithParams(Array)
#11 /app/vendor/yiisoft/yii2/base/Module.php(528): yii\base\Controller->runAction('', Array)
#12 /app/vendor/yiisoft/yii2/web/Application.php(103): yii\base\Module->runAction('', Array)
#13 /app/vendor/yiisoft/yii2/base/Application.php(386): yii\web\Application->handleRequest(Object(yii\web\Request))
#14 /app/frontend/web/index.php(17): yii\base\Application->run()
#15 {main}
2018-08-29 08:38:45 [192.168.83.1][-][70v0g1na63g18vlfpn3unk7j23][info][application] $_GET = []

$_POST = []

$_FILES = []

$_COOKIE = [
    '_csrf-frontend' => 'dfc33bd9bf106926ae0fc619d7bc5599d76fcc2d230c42d17e2716d75610d87da:2:{i:0;s:14:\"_csrf-frontend\";i:1;s:32:\"uqFPCXgYapNw5Haw0-hwZ48NqcKZCzls\";}'
    'advanced-frontend' => '70v0g1na63g18vlfpn3unk7j23'
]

$_SESSION = [
    '__flash' => []
]

$_SERVER = [
    'USER' => 'vagrant'
    'HOME' => '/home/vagrant'
    'HTTP_CACHE_CONTROL' => 'max-age=0'
    'HTTP_UPGRADE_INSECURE_REQUESTS' => '1'
    'HTTP_CONNECTION' => 'keep-alive'
    'HTTP_DNT' => '1'
    'HTTP_COOKIE' => '_csrf-frontend=dfc33bd9bf106926ae0fc619d7bc5599d76fcc2d230c42d17e2716d75610d87da%3A2%3A%7Bi%3A0%3Bs%3A14%3A%22_csrf-frontend%22%3Bi%3A1%3Bs%3A32%3A%22uqFPCXgYapNw5Haw0-hwZ48NqcKZCzls%22%3B%7D; advanced-frontend=70v0g1na63g18vlfpn3unk7j23'
    'HTTP_ACCEPT_ENCODING' => 'gzip, deflate'
    'HTTP_ACCEPT_LANGUAGE' => 'ru-RU,ru;q=0.8,en-US;q=0.5,en;q=0.3'
    'HTTP_ACCEPT' => 'text/html,application/xhtml+xml,application/xml;q=0.9,*/*;q=0.8'
    'HTTP_USER_AGENT' => 'Mozilla/5.0 (Windows NT 6.1; Win64; x64; rv:61.0) Gecko/20100101 Firefox/61.0'
    'HTTP_HOST' => 'y2aa-frontend.test'
    'SCRIPT_FILENAME' => '/app/frontend/web/index.php'
    'REDIRECT_STATUS' => '200'
    'SERVER_NAME' => 'y2aa-frontend.test'
    'SERVER_PORT' => '80'
    'SERVER_ADDR' => '192.168.83.137'
    'REMOTE_PORT' => '3329'
    'REMOTE_ADDR' => '192.168.83.1'
    'SERVER_SOFTWARE' => 'nginx/1.10.3'
    'GATEWAY_INTERFACE' => 'CGI/1.1'
    'REQUEST_SCHEME' => 'http'
    'SERVER_PROTOCOL' => 'HTTP/1.1'
    'DOCUMENT_ROOT' => '/app/frontend/web'
    'DOCUMENT_URI' => '/index.php'
    'REQUEST_URI' => '/'
    'SCRIPT_NAME' => '/index.php'
    'CONTENT_LENGTH' => ''
    'CONTENT_TYPE' => ''
    'REQUEST_METHOD' => 'GET'
    'QUERY_STRING' => ''
    'FCGI_ROLE' => 'RESPONDER'
    'PHP_SELF' => '/index.php'
    'REQUEST_TIME_FLOAT' => 1535531925.6184
    'REQUEST_TIME' => 1535531925
]
2018-08-29 21:16:47 [192.168.83.1][-][70v0g1na63g18vlfpn3unk7j23][error][yii\web\HttpException:404] yii\base\InvalidRouteException: Unable to resolve the request: site/Task in /app/vendor/yiisoft/yii2/base/Controller.php:128
Stack trace:
#0 /app/vendor/yiisoft/yii2/base/Module.php(528): yii\base\Controller->runAction('Task', Array)
#1 /app/vendor/yiisoft/yii2/web/Application.php(103): yii\base\Module->runAction('site/Task', Array)
#2 /app/vendor/yiisoft/yii2/base/Application.php(386): yii\web\Application->handleRequest(Object(yii\web\Request))
#3 /app/frontend/web/index.php(17): yii\base\Application->run()
#4 {main}

Next yii\web\NotFoundHttpException: Page not found. in /app/vendor/yiisoft/yii2/web/Application.php:115
Stack trace:
#0 /app/vendor/yiisoft/yii2/base/Application.php(386): yii\web\Application->handleRequest(Object(yii\web\Request))
#1 /app/frontend/web/index.php(17): yii\base\Application->run()
#2 {main}
2018-08-29 21:16:47 [192.168.83.1][-][70v0g1na63g18vlfpn3unk7j23][info][application] $_GET = []

$_POST = []

$_FILES = []

$_COOKIE = [
    '_csrf-frontend' => 'dfc33bd9bf106926ae0fc619d7bc5599d76fcc2d230c42d17e2716d75610d87da:2:{i:0;s:14:\"_csrf-frontend\";i:1;s:32:\"uqFPCXgYapNw5Haw0-hwZ48NqcKZCzls\";}'
    'advanced-frontend' => '70v0g1na63g18vlfpn3unk7j23'
]

$_SESSION = [
    '__flash' => []
    '__captcha/site/captcha' => 'sitceo'
    '__captcha/site/captchacount' => 1
]

$_SERVER = [
    'USER' => 'vagrant'
    'HOME' => '/home/vagrant'
    'HTTP_UPGRADE_INSECURE_REQUESTS' => '1'
    'HTTP_CONNECTION' => 'keep-alive'
    'HTTP_DNT' => '1'
    'HTTP_COOKIE' => '_csrf-frontend=dfc33bd9bf106926ae0fc619d7bc5599d76fcc2d230c42d17e2716d75610d87da%3A2%3A%7Bi%3A0%3Bs%3A14%3A%22_csrf-frontend%22%3Bi%3A1%3Bs%3A32%3A%22uqFPCXgYapNw5Haw0-hwZ48NqcKZCzls%22%3B%7D; advanced-frontend=70v0g1na63g18vlfpn3unk7j23'
    'HTTP_ACCEPT_ENCODING' => 'gzip, deflate'
    'HTTP_ACCEPT_LANGUAGE' => 'ru-RU,ru;q=0.8,en-US;q=0.5,en;q=0.3'
    'HTTP_ACCEPT' => 'text/html,application/xhtml+xml,application/xml;q=0.9,*/*;q=0.8'
    'HTTP_USER_AGENT' => 'Mozilla/5.0 (Windows NT 6.1; Win64; x64; rv:61.0) Gecko/20100101 Firefox/61.0'
    'HTTP_HOST' => 'y2aa-frontend.test'
    'SCRIPT_FILENAME' => '/app/frontend/web/index.php'
    'REDIRECT_STATUS' => '200'
    'SERVER_NAME' => 'y2aa-frontend.test'
    'SERVER_PORT' => '80'
    'SERVER_ADDR' => '192.168.83.137'
    'REMOTE_PORT' => '13306'
    'REMOTE_ADDR' => '192.168.83.1'
    'SERVER_SOFTWARE' => 'nginx/1.10.3'
    'GATEWAY_INTERFACE' => 'CGI/1.1'
    'REQUEST_SCHEME' => 'http'
    'SERVER_PROTOCOL' => 'HTTP/1.1'
    'DOCUMENT_ROOT' => '/app/frontend/web'
    'DOCUMENT_URI' => '/index.php'
    'REQUEST_URI' => '/site/Task'
    'SCRIPT_NAME' => '/index.php'
    'CONTENT_LENGTH' => ''
    'CONTENT_TYPE' => ''
    'REQUEST_METHOD' => 'GET'
    'QUERY_STRING' => ''
    'FCGI_ROLE' => 'RESPONDER'
    'PHP_SELF' => '/index.php'
    'REQUEST_TIME_FLOAT' => 1535577406.8622
    'REQUEST_TIME' => 1535577406
]
2018-08-29 21:16:53 [192.168.83.1][-][70v0g1na63g18vlfpn3unk7j23][error][yii\web\HttpException:404] yii\base\InvalidRouteException: Unable to resolve the request: site/task in /app/vendor/yiisoft/yii2/base/Controller.php:128
Stack trace:
#0 /app/vendor/yiisoft/yii2/base/Module.php(528): yii\base\Controller->runAction('task', Array)
#1 /app/vendor/yiisoft/yii2/web/Application.php(103): yii\base\Module->runAction('site/task', Array)
#2 /app/vendor/yiisoft/yii2/base/Application.php(386): yii\web\Application->handleRequest(Object(yii\web\Request))
#3 /app/frontend/web/index.php(17): yii\base\Application->run()
#4 {main}

Next yii\web\NotFoundHttpException: Page not found. in /app/vendor/yiisoft/yii2/web/Application.php:115
Stack trace:
#0 /app/vendor/yiisoft/yii2/base/Application.php(386): yii\web\Application->handleRequest(Object(yii\web\Request))
#1 /app/frontend/web/index.php(17): yii\base\Application->run()
#2 {main}
2018-08-29 21:16:53 [192.168.83.1][-][70v0g1na63g18vlfpn3unk7j23][info][application] $_GET = []

$_POST = []

$_FILES = []

$_COOKIE = [
    '_csrf-frontend' => 'dfc33bd9bf106926ae0fc619d7bc5599d76fcc2d230c42d17e2716d75610d87da:2:{i:0;s:14:\"_csrf-frontend\";i:1;s:32:\"uqFPCXgYapNw5Haw0-hwZ48NqcKZCzls\";}'
    'advanced-frontend' => '70v0g1na63g18vlfpn3unk7j23'
]

$_SESSION = [
    '__flash' => []
    '__captcha/site/captcha' => 'sitceo'
    '__captcha/site/captchacount' => 1
]

$_SERVER = [
    'USER' => 'vagrant'
    'HOME' => '/home/vagrant'
    'HTTP_UPGRADE_INSECURE_REQUESTS' => '1'
    'HTTP_CONNECTION' => 'keep-alive'
    'HTTP_DNT' => '1'
    'HTTP_COOKIE' => '_csrf-frontend=dfc33bd9bf106926ae0fc619d7bc5599d76fcc2d230c42d17e2716d75610d87da%3A2%3A%7Bi%3A0%3Bs%3A14%3A%22_csrf-frontend%22%3Bi%3A1%3Bs%3A32%3A%22uqFPCXgYapNw5Haw0-hwZ48NqcKZCzls%22%3B%7D; advanced-frontend=70v0g1na63g18vlfpn3unk7j23'
    'HTTP_ACCEPT_ENCODING' => 'gzip, deflate'
    'HTTP_ACCEPT_LANGUAGE' => 'ru-RU,ru;q=0.8,en-US;q=0.5,en;q=0.3'
    'HTTP_ACCEPT' => 'text/html,application/xhtml+xml,application/xml;q=0.9,*/*;q=0.8'
    'HTTP_USER_AGENT' => 'Mozilla/5.0 (Windows NT 6.1; Win64; x64; rv:61.0) Gecko/20100101 Firefox/61.0'
    'HTTP_HOST' => 'y2aa-frontend.test'
    'SCRIPT_FILENAME' => '/app/frontend/web/index.php'
    'REDIRECT_STATUS' => '200'
    'SERVER_NAME' => 'y2aa-frontend.test'
    'SERVER_PORT' => '80'
    'SERVER_ADDR' => '192.168.83.137'
    'REMOTE_PORT' => '13306'
    'REMOTE_ADDR' => '192.168.83.1'
    'SERVER_SOFTWARE' => 'nginx/1.10.3'
    'GATEWAY_INTERFACE' => 'CGI/1.1'
    'REQUEST_SCHEME' => 'http'
    'SERVER_PROTOCOL' => 'HTTP/1.1'
    'DOCUMENT_ROOT' => '/app/frontend/web'
    'DOCUMENT_URI' => '/index.php'
    'REQUEST_URI' => '/site/task'
    'SCRIPT_NAME' => '/index.php'
    'CONTENT_LENGTH' => ''
    'CONTENT_TYPE' => ''
    'REQUEST_METHOD' => 'GET'
    'QUERY_STRING' => ''
    'FCGI_ROLE' => 'RESPONDER'
    'PHP_SELF' => '/index.php'
    'REQUEST_TIME_FLOAT' => 1535577413.1181
    'REQUEST_TIME' => 1535577413
]
2018-08-29 21:17:52 [192.168.83.1][-][70v0g1na63g18vlfpn3unk7j23][error][yii\web\HttpException:404] yii\base\InvalidRouteException: Unable to resolve the request: site/Project in /app/vendor/yiisoft/yii2/base/Controller.php:128
Stack trace:
#0 /app/vendor/yiisoft/yii2/base/Module.php(528): yii\base\Controller->runAction('Project', Array)
#1 /app/vendor/yiisoft/yii2/web/Application.php(103): yii\base\Module->runAction('site/Project', Array)
#2 /app/vendor/yiisoft/yii2/base/Application.php(386): yii\web\Application->handleRequest(Object(yii\web\Request))
#3 /app/frontend/web/index.php(17): yii\base\Application->run()
#4 {main}

Next yii\web\NotFoundHttpException: Page not found. in /app/vendor/yiisoft/yii2/web/Application.php:115
Stack trace:
#0 /app/vendor/yiisoft/yii2/base/Application.php(386): yii\web\Application->handleRequest(Object(yii\web\Request))
#1 /app/frontend/web/index.php(17): yii\base\Application->run()
#2 {main}
2018-08-29 21:17:52 [192.168.83.1][-][70v0g1na63g18vlfpn3unk7j23][info][application] $_GET = []

$_POST = []

$_FILES = []

$_COOKIE = [
    '_csrf-frontend' => 'dfc33bd9bf106926ae0fc619d7bc5599d76fcc2d230c42d17e2716d75610d87da:2:{i:0;s:14:\"_csrf-frontend\";i:1;s:32:\"uqFPCXgYapNw5Haw0-hwZ48NqcKZCzls\";}'
    'advanced-frontend' => '70v0g1na63g18vlfpn3unk7j23'
]

$_SESSION = [
    '__flash' => []
    '__captcha/site/captcha' => 'sitceo'
    '__captcha/site/captchacount' => 1
]

$_SERVER = [
    'USER' => 'vagrant'
    'HOME' => '/home/vagrant'
    'HTTP_UPGRADE_INSECURE_REQUESTS' => '1'
    'HTTP_CONNECTION' => 'keep-alive'
    'HTTP_DNT' => '1'
    'HTTP_COOKIE' => '_csrf-frontend=dfc33bd9bf106926ae0fc619d7bc5599d76fcc2d230c42d17e2716d75610d87da%3A2%3A%7Bi%3A0%3Bs%3A14%3A%22_csrf-frontend%22%3Bi%3A1%3Bs%3A32%3A%22uqFPCXgYapNw5Haw0-hwZ48NqcKZCzls%22%3B%7D; advanced-frontend=70v0g1na63g18vlfpn3unk7j23'
    'HTTP_ACCEPT_ENCODING' => 'gzip, deflate'
    'HTTP_ACCEPT_LANGUAGE' => 'ru-RU,ru;q=0.8,en-US;q=0.5,en;q=0.3'
    'HTTP_ACCEPT' => 'text/html,application/xhtml+xml,application/xml;q=0.9,*/*;q=0.8'
    'HTTP_USER_AGENT' => 'Mozilla/5.0 (Windows NT 6.1; Win64; x64; rv:61.0) Gecko/20100101 Firefox/61.0'
    'HTTP_HOST' => 'y2aa-frontend.test'
    'SCRIPT_FILENAME' => '/app/frontend/web/index.php'
    'REDIRECT_STATUS' => '200'
    'SERVER_NAME' => 'y2aa-frontend.test'
    'SERVER_PORT' => '80'
    'SERVER_ADDR' => '192.168.83.137'
    'REMOTE_PORT' => '13346'
    'REMOTE_ADDR' => '192.168.83.1'
    'SERVER_SOFTWARE' => 'nginx/1.10.3'
    'GATEWAY_INTERFACE' => 'CGI/1.1'
    'REQUEST_SCHEME' => 'http'
    'SERVER_PROTOCOL' => 'HTTP/1.1'
    'DOCUMENT_ROOT' => '/app/frontend/web'
    'DOCUMENT_URI' => '/index.php'
    'REQUEST_URI' => '/site/Project'
    'SCRIPT_NAME' => '/index.php'
    'CONTENT_LENGTH' => ''
    'CONTENT_TYPE' => ''
    'REQUEST_METHOD' => 'GET'
    'QUERY_STRING' => ''
    'FCGI_ROLE' => 'RESPONDER'
    'PHP_SELF' => '/index.php'
    'REQUEST_TIME_FLOAT' => 1535577471.9328
    'REQUEST_TIME' => 1535577471
]
