2018-08-22 15:22:20 [192.168.83.1][-][rtjuqdsaj82m3vp5ta6dh3pl40][error][Error] Error: Class 'backend\controllers\Product_test' not found in /app/backend/controllers/TestController.php:34
Stack trace:
#0 [internal function]: backend\controllers\TestController->actionIndex()
#1 /app/vendor/yiisoft/yii2/base/InlineAction.php(57): call_user_func_array(Array, Array)
#2 /app/vendor/yiisoft/yii2/base/Controller.php(157): yii\base\InlineAction->runWithParams(Array)
#3 /app/vendor/yiisoft/yii2/base/Module.php(528): yii\base\Controller->runAction('index', Array)
#4 /app/vendor/yiisoft/yii2/web/Application.php(103): yii\base\Module->runAction('test/index', Array)
#5 /app/vendor/yiisoft/yii2/base/Application.php(386): yii\web\Application->handleRequest(Object(yii\web\Request))
#6 /app/backend/web/index.php(17): yii\base\Application->run()
#7 {main}
2018-08-22 15:22:20 [192.168.83.1][-][rtjuqdsaj82m3vp5ta6dh3pl40][info][application] $_GET = []

$_POST = []

$_FILES = []

$_COOKIE = [
    'advanced-backend' => 'rtjuqdsaj82m3vp5ta6dh3pl40'
    '_csrf-backend' => '1303b401380718728457032ae8484542723685d709d0059340d261362735f1e9a:2:{i:0;s:13:\"_csrf-backend\";i:1;s:32:\"f_XK6Y8dbTQXV697Bt-n6_YQQwNEc3ua\";}'
]

$_SESSION = [
    '__flash' => []
    '__returnUrl' => '/'
]

$_SERVER = [
    'USER' => 'vagrant'
    'HOME' => '/home/vagrant'
    'HTTP_UPGRADE_INSECURE_REQUESTS' => '1'
    'HTTP_CONNECTION' => 'keep-alive'
    'HTTP_DNT' => '1'
    'HTTP_COOKIE' => 'advanced-backend=rtjuqdsaj82m3vp5ta6dh3pl40; _csrf-backend=1303b401380718728457032ae8484542723685d709d0059340d261362735f1e9a%3A2%3A%7Bi%3A0%3Bs%3A13%3A%22_csrf-backend%22%3Bi%3A1%3Bs%3A32%3A%22f_XK6Y8dbTQXV697Bt-n6_YQQwNEc3ua%22%3B%7D'
    'HTTP_ACCEPT_ENCODING' => 'gzip, deflate'
    'HTTP_ACCEPT_LANGUAGE' => 'ru-RU,ru;q=0.8,en-US;q=0.5,en;q=0.3'
    'HTTP_ACCEPT' => 'text/html,application/xhtml+xml,application/xml;q=0.9,*/*;q=0.8'
    'HTTP_USER_AGENT' => 'Mozilla/5.0 (Windows NT 6.1; Win64; x64; rv:61.0) Gecko/20100101 Firefox/61.0'
    'HTTP_HOST' => 'y2aa-backend.test'
    'SCRIPT_FILENAME' => '/app/backend/web/index.php'
    'REDIRECT_STATUS' => '200'
    'SERVER_NAME' => 'y2aa-backend.test'
    'SERVER_PORT' => '80'
    'SERVER_ADDR' => '192.168.83.137'
    'REMOTE_PORT' => '1566'
    'REMOTE_ADDR' => '192.168.83.1'
    'SERVER_SOFTWARE' => 'nginx/1.10.3'
    'GATEWAY_INTERFACE' => 'CGI/1.1'
    'REQUEST_SCHEME' => 'http'
    'SERVER_PROTOCOL' => 'HTTP/1.1'
    'DOCUMENT_ROOT' => '/app/backend/web'
    'DOCUMENT_URI' => '/index.php'
    'REQUEST_URI' => '/test/index'
    'SCRIPT_NAME' => '/index.php'
    'CONTENT_LENGTH' => ''
    'CONTENT_TYPE' => ''
    'REQUEST_METHOD' => 'GET'
    'QUERY_STRING' => ''
    'FCGI_ROLE' => 'RESPONDER'
    'PHP_SELF' => '/index.php'
    'REQUEST_TIME_FLOAT' => 1534951339.9522
    'REQUEST_TIME' => 1534951339
]
2018-08-22 15:23:19 [192.168.83.1][-][rtjuqdsaj82m3vp5ta6dh3pl40][error][yii\base\UnknownPropertyException] yii\base\UnknownPropertyException: Getting unknown property: yii\web\Application::test in /app/vendor/yiisoft/yii2/base/Component.php:154
Stack trace:
#0 /app/vendor/yiisoft/yii2/di/ServiceLocator.php(77): yii\base\Component->__get('test')
#1 /app/backend/controllers/TestController.php(44): yii\di\ServiceLocator->__get('test')
#2 [internal function]: backend\controllers\TestController->actionIndex()
#3 /app/vendor/yiisoft/yii2/base/InlineAction.php(57): call_user_func_array(Array, Array)
#4 /app/vendor/yiisoft/yii2/base/Controller.php(157): yii\base\InlineAction->runWithParams(Array)
#5 /app/vendor/yiisoft/yii2/base/Module.php(528): yii\base\Controller->runAction('index', Array)
#6 /app/vendor/yiisoft/yii2/web/Application.php(103): yii\base\Module->runAction('test/index', Array)
#7 /app/vendor/yiisoft/yii2/base/Application.php(386): yii\web\Application->handleRequest(Object(yii\web\Request))
#8 /app/backend/web/index.php(17): yii\base\Application->run()
#9 {main}
2018-08-22 15:23:19 [192.168.83.1][-][rtjuqdsaj82m3vp5ta6dh3pl40][info][application] $_GET = []

$_POST = []

$_FILES = []

$_COOKIE = [
    'advanced-backend' => 'rtjuqdsaj82m3vp5ta6dh3pl40'
    '_csrf-backend' => '1303b401380718728457032ae8484542723685d709d0059340d261362735f1e9a:2:{i:0;s:13:\"_csrf-backend\";i:1;s:32:\"f_XK6Y8dbTQXV697Bt-n6_YQQwNEc3ua\";}'
]

$_SESSION = [
    '__flash' => []
    '__returnUrl' => '/'
]

$_SERVER = [
    'USER' => 'vagrant'
    'HOME' => '/home/vagrant'
    'HTTP_CACHE_CONTROL' => 'max-age=0'
    'HTTP_UPGRADE_INSECURE_REQUESTS' => '1'
    'HTTP_CONNECTION' => 'keep-alive'
    'HTTP_DNT' => '1'
    'HTTP_COOKIE' => 'advanced-backend=rtjuqdsaj82m3vp5ta6dh3pl40; _csrf-backend=1303b401380718728457032ae8484542723685d709d0059340d261362735f1e9a%3A2%3A%7Bi%3A0%3Bs%3A13%3A%22_csrf-backend%22%3Bi%3A1%3Bs%3A32%3A%22f_XK6Y8dbTQXV697Bt-n6_YQQwNEc3ua%22%3B%7D'
    'HTTP_ACCEPT_ENCODING' => 'gzip, deflate'
    'HTTP_ACCEPT_LANGUAGE' => 'ru-RU,ru;q=0.8,en-US;q=0.5,en;q=0.3'
    'HTTP_ACCEPT' => 'text/html,application/xhtml+xml,application/xml;q=0.9,*/*;q=0.8'
    'HTTP_USER_AGENT' => 'Mozilla/5.0 (Windows NT 6.1; Win64; x64; rv:61.0) Gecko/20100101 Firefox/61.0'
    'HTTP_HOST' => 'y2aa-backend.test'
    'SCRIPT_FILENAME' => '/app/backend/web/index.php'
    'REDIRECT_STATUS' => '200'
    'SERVER_NAME' => 'y2aa-backend.test'
    'SERVER_PORT' => '80'
    'SERVER_ADDR' => '192.168.83.137'
    'REMOTE_PORT' => '1572'
    'REMOTE_ADDR' => '192.168.83.1'
    'SERVER_SOFTWARE' => 'nginx/1.10.3'
    'GATEWAY_INTERFACE' => 'CGI/1.1'
    'REQUEST_SCHEME' => 'http'
    'SERVER_PROTOCOL' => 'HTTP/1.1'
    'DOCUMENT_ROOT' => '/app/backend/web'
    'DOCUMENT_URI' => '/index.php'
    'REQUEST_URI' => '/test/index'
    'SCRIPT_NAME' => '/index.php'
    'CONTENT_LENGTH' => ''
    'CONTENT_TYPE' => ''
    'REQUEST_METHOD' => 'GET'
    'QUERY_STRING' => ''
    'FCGI_ROLE' => 'RESPONDER'
    'PHP_SELF' => '/index.php'
    'REQUEST_TIME_FLOAT' => 1534951398.9223
    'REQUEST_TIME' => 1534951398
]
2018-08-22 15:24:02 [192.168.83.1][-][rtjuqdsaj82m3vp5ta6dh3pl40][error][yii\base\ErrorException:8] yii\base\ErrorException: Undefined variable: model in /app/backend/views/test/index.php:20
Stack trace:
#0 /app/vendor/yiisoft/yii2/base/View.php(257): yii\base\View->renderPhpFile()
#1 /app/vendor/yiisoft/yii2/base/View.php(156): yii\base\View->renderFile()
#2 /app/vendor/yiisoft/yii2/base/Controller.php(384): yii\base\View->render()
#3 /app/backend/controllers/TestController.php(42): yii\base\Controller->render()
#4 /app/vendor/yiisoft/yii2/base/InlineAction.php(57): backend\controllers\TestController->actionIndex()
#5 /app/vendor/yiisoft/yii2/base/InlineAction.php(57): ::call_user_func_array:{/app/vendor/yiisoft/yii2/base/InlineAction.php:57}()
#6 /app/vendor/yiisoft/yii2/base/Controller.php(157): yii\base\InlineAction->runWithParams()
#7 /app/vendor/yiisoft/yii2/base/Module.php(528): yii\base\Controller->runAction()
#8 /app/vendor/yiisoft/yii2/web/Application.php(103): yii\base\Module->runAction()
#9 /app/vendor/yiisoft/yii2/base/Application.php(386): yii\web\Application->handleRequest()
#10 /app/backend/web/index.php(17): yii\base\Application->run()
#11 {main}
2018-08-22 15:24:02 [192.168.83.1][-][rtjuqdsaj82m3vp5ta6dh3pl40][info][application] $_GET = []

$_POST = []

$_FILES = []

$_COOKIE = [
    'advanced-backend' => 'rtjuqdsaj82m3vp5ta6dh3pl40'
    '_csrf-backend' => '1303b401380718728457032ae8484542723685d709d0059340d261362735f1e9a:2:{i:0;s:13:\"_csrf-backend\";i:1;s:32:\"f_XK6Y8dbTQXV697Bt-n6_YQQwNEc3ua\";}'
]

$_SESSION = [
    '__flash' => []
    '__returnUrl' => '/'
]

$_SERVER = [
    'USER' => 'vagrant'
    'HOME' => '/home/vagrant'
    'HTTP_CACHE_CONTROL' => 'max-age=0'
    'HTTP_UPGRADE_INSECURE_REQUESTS' => '1'
    'HTTP_CONNECTION' => 'keep-alive'
    'HTTP_DNT' => '1'
    'HTTP_COOKIE' => 'advanced-backend=rtjuqdsaj82m3vp5ta6dh3pl40; _csrf-backend=1303b401380718728457032ae8484542723685d709d0059340d261362735f1e9a%3A2%3A%7Bi%3A0%3Bs%3A13%3A%22_csrf-backend%22%3Bi%3A1%3Bs%3A32%3A%22f_XK6Y8dbTQXV697Bt-n6_YQQwNEc3ua%22%3B%7D'
    'HTTP_ACCEPT_ENCODING' => 'gzip, deflate'
    'HTTP_ACCEPT_LANGUAGE' => 'ru-RU,ru;q=0.8,en-US;q=0.5,en;q=0.3'
    'HTTP_ACCEPT' => 'text/html,application/xhtml+xml,application/xml;q=0.9,*/*;q=0.8'
    'HTTP_USER_AGENT' => 'Mozilla/5.0 (Windows NT 6.1; Win64; x64; rv:61.0) Gecko/20100101 Firefox/61.0'
    'HTTP_HOST' => 'y2aa-backend.test'
    'SCRIPT_FILENAME' => '/app/backend/web/index.php'
    'REDIRECT_STATUS' => '200'
    'SERVER_NAME' => 'y2aa-backend.test'
    'SERVER_PORT' => '80'
    'SERVER_ADDR' => '192.168.83.137'
    'REMOTE_PORT' => '1577'
    'REMOTE_ADDR' => '192.168.83.1'
    'SERVER_SOFTWARE' => 'nginx/1.10.3'
    'GATEWAY_INTERFACE' => 'CGI/1.1'
    'REQUEST_SCHEME' => 'http'
    'SERVER_PROTOCOL' => 'HTTP/1.1'
    'DOCUMENT_ROOT' => '/app/backend/web'
    'DOCUMENT_URI' => '/index.php'
    'REQUEST_URI' => '/test/index'
    'SCRIPT_NAME' => '/index.php'
    'CONTENT_LENGTH' => ''
    'CONTENT_TYPE' => ''
    'REQUEST_METHOD' => 'GET'
    'QUERY_STRING' => ''
    'FCGI_ROLE' => 'RESPONDER'
    'PHP_SELF' => '/index.php'
    'REQUEST_TIME_FLOAT' => 1534951442.1305
    'REQUEST_TIME' => 1534951442
]
2018-08-22 15:24:24 [192.168.83.1][-][rtjuqdsaj82m3vp5ta6dh3pl40][error][yii\base\ErrorException:8] yii\base\ErrorException: Undefined variable: test_service in /app/backend/views/test/index.php:24
Stack trace:
#0 /app/vendor/yiisoft/yii2/base/View.php(257): yii\base\View->renderPhpFile()
#1 /app/vendor/yiisoft/yii2/base/View.php(156): yii\base\View->renderFile()
#2 /app/vendor/yiisoft/yii2/base/Controller.php(384): yii\base\View->render()
#3 /app/backend/controllers/TestController.php(42): yii\base\Controller->render()
#4 /app/vendor/yiisoft/yii2/base/InlineAction.php(57): backend\controllers\TestController->actionIndex()
#5 /app/vendor/yiisoft/yii2/base/InlineAction.php(57): ::call_user_func_array:{/app/vendor/yiisoft/yii2/base/InlineAction.php:57}()
#6 /app/vendor/yiisoft/yii2/base/Controller.php(157): yii\base\InlineAction->runWithParams()
#7 /app/vendor/yiisoft/yii2/base/Module.php(528): yii\base\Controller->runAction()
#8 /app/vendor/yiisoft/yii2/web/Application.php(103): yii\base\Module->runAction()
#9 /app/vendor/yiisoft/yii2/base/Application.php(386): yii\web\Application->handleRequest()
#10 /app/backend/web/index.php(17): yii\base\Application->run()
#11 {main}
2018-08-22 15:24:24 [192.168.83.1][-][rtjuqdsaj82m3vp5ta6dh3pl40][info][application] $_GET = []

$_POST = []

$_FILES = []

$_COOKIE = [
    'advanced-backend' => 'rtjuqdsaj82m3vp5ta6dh3pl40'
    '_csrf-backend' => '1303b401380718728457032ae8484542723685d709d0059340d261362735f1e9a:2:{i:0;s:13:\"_csrf-backend\";i:1;s:32:\"f_XK6Y8dbTQXV697Bt-n6_YQQwNEc3ua\";}'
]

$_SESSION = [
    '__flash' => []
    '__returnUrl' => '/'
]

$_SERVER = [
    'USER' => 'vagrant'
    'HOME' => '/home/vagrant'
    'HTTP_CACHE_CONTROL' => 'max-age=0'
    'HTTP_UPGRADE_INSECURE_REQUESTS' => '1'
    'HTTP_CONNECTION' => 'keep-alive'
    'HTTP_DNT' => '1'
    'HTTP_COOKIE' => 'advanced-backend=rtjuqdsaj82m3vp5ta6dh3pl40; _csrf-backend=1303b401380718728457032ae8484542723685d709d0059340d261362735f1e9a%3A2%3A%7Bi%3A0%3Bs%3A13%3A%22_csrf-backend%22%3Bi%3A1%3Bs%3A32%3A%22f_XK6Y8dbTQXV697Bt-n6_YQQwNEc3ua%22%3B%7D'
    'HTTP_ACCEPT_ENCODING' => 'gzip, deflate'
    'HTTP_ACCEPT_LANGUAGE' => 'ru-RU,ru;q=0.8,en-US;q=0.5,en;q=0.3'
    'HTTP_ACCEPT' => 'text/html,application/xhtml+xml,application/xml;q=0.9,*/*;q=0.8'
    'HTTP_USER_AGENT' => 'Mozilla/5.0 (Windows NT 6.1; Win64; x64; rv:61.0) Gecko/20100101 Firefox/61.0'
    'HTTP_HOST' => 'y2aa-backend.test'
    'SCRIPT_FILENAME' => '/app/backend/web/index.php'
    'REDIRECT_STATUS' => '200'
    'SERVER_NAME' => 'y2aa-backend.test'
    'SERVER_PORT' => '80'
    'SERVER_ADDR' => '192.168.83.137'
    'REMOTE_PORT' => '1577'
    'REMOTE_ADDR' => '192.168.83.1'
    'SERVER_SOFTWARE' => 'nginx/1.10.3'
    'GATEWAY_INTERFACE' => 'CGI/1.1'
    'REQUEST_SCHEME' => 'http'
    'SERVER_PROTOCOL' => 'HTTP/1.1'
    'DOCUMENT_ROOT' => '/app/backend/web'
    'DOCUMENT_URI' => '/index.php'
    'REQUEST_URI' => '/test/index'
    'SCRIPT_NAME' => '/index.php'
    'CONTENT_LENGTH' => ''
    'CONTENT_TYPE' => ''
    'REQUEST_METHOD' => 'GET'
    'QUERY_STRING' => ''
    'FCGI_ROLE' => 'RESPONDER'
    'PHP_SELF' => '/index.php'
    'REQUEST_TIME_FLOAT' => 1534951463.9412
    'REQUEST_TIME' => 1534951463
]
2018-08-22 17:08:52 [192.168.83.1][1][5om71rd4n4j64em88kga41vs02][error][yii\web\HttpException:404] yii\base\InvalidRouteException: Unable to resolve the request "index". in /app/vendor/yiisoft/yii2/base/Module.php:537
Stack trace:
#0 /app/vendor/yiisoft/yii2/web/Application.php(103): yii\base\Module->runAction('index', Array)
#1 /app/vendor/yiisoft/yii2/base/Application.php(386): yii\web\Application->handleRequest(Object(yii\web\Request))
#2 /app/backend/web/index.php(17): yii\base\Application->run()
#3 {main}

Next yii\web\NotFoundHttpException: Page not found. in /app/vendor/yiisoft/yii2/web/Application.php:115
Stack trace:
#0 /app/vendor/yiisoft/yii2/base/Application.php(386): yii\web\Application->handleRequest(Object(yii\web\Request))
#1 /app/backend/web/index.php(17): yii\base\Application->run()
#2 {main}
2018-08-22 17:08:52 [192.168.83.1][1][5om71rd4n4j64em88kga41vs02][info][application] $_GET = []

$_POST = []

$_FILES = []

$_COOKIE = [
    'advanced-backend' => '5om71rd4n4j64em88kga41vs02'
    '_csrf-backend' => 'e5fb22f7ddfa2ec2a3db1411696355c7c148517f793a781dc4920f59f4c3a5c3a:2:{i:0;s:13:\"_csrf-backend\";i:1;s:32:\"yGSg5d6t_iTDMisdVbFw4meqGEgKSaI4\";}'
]

$_SESSION = [
    '__flash' => []
    '__returnUrl' => '/'
    '__id' => 1
]

$_SERVER = [
    'USER' => 'vagrant'
    'HOME' => '/home/vagrant'
    'HTTP_UPGRADE_INSECURE_REQUESTS' => '1'
    'HTTP_CONNECTION' => 'keep-alive'
    'HTTP_DNT' => '1'
    'HTTP_COOKIE' => 'advanced-backend=5om71rd4n4j64em88kga41vs02; _csrf-backend=e5fb22f7ddfa2ec2a3db1411696355c7c148517f793a781dc4920f59f4c3a5c3a%3A2%3A%7Bi%3A0%3Bs%3A13%3A%22_csrf-backend%22%3Bi%3A1%3Bs%3A32%3A%22yGSg5d6t_iTDMisdVbFw4meqGEgKSaI4%22%3B%7D'
    'HTTP_ACCEPT_ENCODING' => 'gzip, deflate'
    'HTTP_ACCEPT_LANGUAGE' => 'ru-RU,ru;q=0.8,en-US;q=0.5,en;q=0.3'
    'HTTP_ACCEPT' => 'text/html,application/xhtml+xml,application/xml;q=0.9,*/*;q=0.8'
    'HTTP_USER_AGENT' => 'Mozilla/5.0 (Windows NT 6.1; Win64; x64; rv:61.0) Gecko/20100101 Firefox/61.0'
    'HTTP_HOST' => 'y2aa-backend.test'
    'SCRIPT_FILENAME' => '/app/backend/web/index.php'
    'REDIRECT_STATUS' => '200'
    'SERVER_NAME' => 'y2aa-backend.test'
    'SERVER_PORT' => '80'
    'SERVER_ADDR' => '192.168.83.137'
    'REMOTE_PORT' => '2883'
    'REMOTE_ADDR' => '192.168.83.1'
    'SERVER_SOFTWARE' => 'nginx/1.10.3'
    'GATEWAY_INTERFACE' => 'CGI/1.1'
    'REQUEST_SCHEME' => 'http'
    'SERVER_PROTOCOL' => 'HTTP/1.1'
    'DOCUMENT_ROOT' => '/app/backend/web'
    'DOCUMENT_URI' => '/index.php'
    'REQUEST_URI' => '/index'
    'SCRIPT_NAME' => '/index.php'
    'CONTENT_LENGTH' => ''
    'CONTENT_TYPE' => ''
    'REQUEST_METHOD' => 'GET'
    'QUERY_STRING' => ''
    'FCGI_ROLE' => 'RESPONDER'
    'PHP_SELF' => '/index.php'
    'REQUEST_TIME_FLOAT' => 1534957731.8159
    'REQUEST_TIME' => 1534957731
]
